This file contains any messages produced by compilers while
running configure, to aid debugging if configure makes a mistake.

It was created by libmicrohttpd configure 0.9.42, which was
generated by GNU Autoconf 2.69.  Invocation command line was

  $ ./configure 

## --------- ##
## Platform. ##
## --------- ##

hostname = johnicholas-laptop
uname -m = x86_64
uname -r = 3.16.0-43-generic
uname -s = Linux
uname -v = #58~14.04.1-Ubuntu SMP Mon Jun 22 10:21:20 UTC 2015

/usr/bin/uname -p = unknown
/bin/uname -X     = unknown

/bin/arch              = unknown
/usr/bin/arch -k       = unknown
/usr/convex/getsysinfo = unknown
/usr/bin/hostinfo      = unknown
/bin/machine           = unknown
/usr/bin/oslevel       = unknown
/bin/universe          = unknown

PATH: /home/johnicholas/bin
PATH: /usr/local/sbin
PATH: /usr/local/bin
PATH: /usr/sbin
PATH: /usr/bin
PATH: /sbin
PATH: /bin
PATH: /usr/games
PATH: /usr/local/games
PATH: ~/ceu/
PATH: ~/bin/


## ----------- ##
## Core tests. ##
## ----------- ##

configure:2513: checking for a BSD-compatible install
configure:2581: result: /usr/bin/install -c
configure:2592: checking whether build environment is sane
configure:2647: result: yes
configure:2798: checking for a thread-safe mkdir -p
configure:2837: result: /bin/mkdir -p
configure:2844: checking for gawk
configure:2874: result: no
configure:2844: checking for mawk
configure:2860: found /usr/bin/mawk
configure:2871: result: mawk
configure:2882: checking whether make sets $(MAKE)
configure:2904: result: yes
configure:2933: checking whether make supports nested variables
configure:2950: result: yes
configure:3121: checking for gawk
configure:3148: result: mawk
configure:3160: checking whether ln -s works
configure:3164: result: yes
configure:3171: checking whether make sets $(MAKE)
configure:3193: result: yes
configure:3206: checking build system type
configure:3220: result: x86_64-unknown-linux-gnu
configure:3240: checking host system type
configure:3253: result: x86_64-unknown-linux-gnu
configure:3285: checking for style of include used by make
configure:3313: result: GNU
configure:3384: checking for gcc
configure:3400: found /usr/bin/gcc
configure:3411: result: gcc
configure:3640: checking for C compiler version
configure:3649: gcc --version >&5
gcc (Ubuntu 4.8.4-2ubuntu1~14.04) 4.8.4
Copyright (C) 2013 Free Software Foundation, Inc.
This is free software; see the source for copying conditions.  There is NO
warranty; not even for MERCHANTABILITY or FITNESS FOR A PARTICULAR PURPOSE.

configure:3660: $? = 0
configure:3649: gcc -v >&5
Using built-in specs.
COLLECT_GCC=gcc
COLLECT_LTO_WRAPPER=/usr/lib/gcc/x86_64-linux-gnu/4.8/lto-wrapper
Target: x86_64-linux-gnu
Configured with: ../src/configure -v --with-pkgversion='Ubuntu 4.8.4-2ubuntu1~14.04' --with-bugurl=file:///usr/share/doc/gcc-4.8/README.Bugs --enable-languages=c,c++,java,go,d,fortran,objc,obj-c++ --prefix=/usr --program-suffix=-4.8 --enable-shared --enable-linker-build-id --libexecdir=/usr/lib --without-included-gettext --enable-threads=posix --with-gxx-include-dir=/usr/include/c++/4.8 --libdir=/usr/lib --enable-nls --with-sysroot=/ --enable-clocale=gnu --enable-libstdcxx-debug --enable-libstdcxx-time=yes --enable-gnu-unique-object --disable-libmudflap --enable-plugin --with-system-zlib --disable-browser-plugin --enable-java-awt=gtk --enable-gtk-cairo --with-java-home=/usr/lib/jvm/java-1.5.0-gcj-4.8-amd64/jre --enable-java-home --with-jvm-root-dir=/usr/lib/jvm/java-1.5.0-gcj-4.8-amd64 --with-jvm-jar-dir=/usr/lib/jvm-exports/java-1.5.0-gcj-4.8-amd64 --with-arch-directory=amd64 --with-ecj-jar=/usr/share/java/eclipse-ecj.jar --enable-objc-gc --enable-multiarch --disable-werror --with-arch-32=i686 --with-abi=m64 --with-multilib-list=m32,m64,mx32 --with-tune=generic --enable-checking=release --build=x86_64-linux-gnu --host=x86_64-linux-gnu --target=x86_64-linux-gnu
Thread model: posix
gcc version 4.8.4 (Ubuntu 4.8.4-2ubuntu1~14.04) 
configure:3660: $? = 0
configure:3649: gcc -V >&5
gcc: error: unrecognized command line option '-V'
gcc: fatal error: no input files
compilation terminated.
configure:3660: $? = 4
configure:3649: gcc -qversion >&5
gcc: error: unrecognized command line option '-qversion'
gcc: fatal error: no input files
compilation terminated.
configure:3660: $? = 4
configure:3680: checking whether the C compiler works
configure:3702: gcc    conftest.c  >&5
configure:3706: $? = 0
configure:3754: result: yes
configure:3757: checking for C compiler default output file name
configure:3759: result: a.out
configure:3765: checking for suffix of executables
configure:3772: gcc -o conftest    conftest.c  >&5
configure:3776: $? = 0
configure:3798: result: 
configure:3820: checking whether we are cross compiling
configure:3828: gcc -o conftest    conftest.c  >&5
configure:3832: $? = 0
configure:3839: ./conftest
configure:3843: $? = 0
configure:3858: result: no
configure:3863: checking for suffix of object files
configure:3885: gcc -c   conftest.c >&5
configure:3889: $? = 0
configure:3910: result: o
configure:3914: checking whether we are using the GNU C compiler
configure:3933: gcc -c   conftest.c >&5
configure:3933: $? = 0
configure:3942: result: yes
configure:3951: checking whether gcc accepts -g
configure:3971: gcc -c -g  conftest.c >&5
configure:3971: $? = 0
configure:4012: result: yes
configure:4029: checking for gcc option to accept ISO C89
configure:4092: gcc  -c -g -O2  conftest.c >&5
configure:4092: $? = 0
configure:4105: result: none needed
configure:4130: checking whether gcc understands -c and -o together
configure:4152: gcc -c conftest.c -o conftest2.o
configure:4155: $? = 0
configure:4152: gcc -c conftest.c -o conftest2.o
configure:4155: $? = 0
configure:4167: result: yes
configure:4186: checking dependency style of gcc
configure:4297: result: gcc3
configure:4359: checking how to print strings
configure:4386: result: printf
configure:4407: checking for a sed that does not truncate output
configure:4471: result: /bin/sed
configure:4489: checking for grep that handles long lines and -e
configure:4547: result: /bin/grep
configure:4552: checking for egrep
configure:4614: result: /bin/grep -E
configure:4619: checking for fgrep
configure:4681: result: /bin/grep -F
configure:4716: checking for ld used by gcc
configure:4783: result: /usr/bin/ld
configure:4790: checking if the linker (/usr/bin/ld) is GNU ld
configure:4805: result: yes
configure:4817: checking for BSD- or MS-compatible name lister (nm)
configure:4866: result: /usr/bin/nm -B
configure:4996: checking the name lister (/usr/bin/nm -B) interface
configure:5003: gcc -c -g -O2  conftest.c >&5
configure:5006: /usr/bin/nm -B "conftest.o"
configure:5009: output
0000000000000000 B some_variable
configure:5016: result: BSD nm
configure:5020: checking the maximum length of command line arguments
configure:5151: result: 1572864
configure:5168: checking whether the shell understands some XSI constructs
configure:5178: result: yes
configure:5182: checking whether the shell understands "+="
configure:5188: result: yes
configure:5223: checking how to convert x86_64-unknown-linux-gnu file names to x86_64-unknown-linux-gnu format
configure:5263: result: func_convert_file_noop
configure:5270: checking how to convert x86_64-unknown-linux-gnu file names to toolchain format
configure:5290: result: func_convert_file_noop
configure:5297: checking for /usr/bin/ld option to reload object files
configure:5304: result: -r
configure:5378: checking for objdump
configure:5394: found /usr/bin/objdump
configure:5405: result: objdump
configure:5434: checking how to recognize dependent libraries
configure:5632: result: pass_all
configure:5717: checking for dlltool
configure:5747: result: no
configure:5774: checking how to associate runtime and link libraries
configure:5801: result: printf %s\n
configure:5862: checking for ar
configure:5878: found /usr/bin/ar
configure:5889: result: ar
configure:5926: checking for archiver @FILE support
configure:5943: gcc -c -g -O2  conftest.c >&5
configure:5943: $? = 0
configure:5946: ar cru libconftest.a @conftest.lst >&5
configure:5949: $? = 0
configure:5954: ar cru libconftest.a @conftest.lst >&5
ar: conftest.o: No such file or directory
configure:5957: $? = 1
configure:5969: result: @
configure:6027: checking for strip
configure:6043: found /usr/bin/strip
configure:6054: result: strip
configure:6126: checking for ranlib
configure:6142: found /usr/bin/ranlib
configure:6153: result: ranlib
configure:6255: checking command to parse /usr/bin/nm -B output from gcc object
configure:6375: gcc -c -g -O2  conftest.c >&5
configure:6378: $? = 0
configure:6382: /usr/bin/nm -B conftest.o \| sed -n -e 's/^.*[ ]\([ABCDGIRSTW][ABCDGIRSTW]*\)[ ][ ]*\([_A-Za-z][_A-Za-z0-9]*\)$/\1 \2 \2/p' | sed '/ __gnu_lto/d' \> conftest.nm
configure:6385: $? = 0
configure:6451: gcc -o conftest -g -O2   conftest.c conftstm.o >&5
configure:6454: $? = 0
configure:6492: result: ok
configure:6529: checking for sysroot
configure:6559: result: no
configure:6636: gcc -c -g -O2  conftest.c >&5
configure:6639: $? = 0
configure:6828: checking for mt
configure:6844: found /bin/mt
configure:6855: result: mt
configure:6878: checking if mt is a manifest tool
configure:6884: mt '-?'
configure:6892: result: no
configure:7534: checking how to run the C preprocessor
configure:7565: gcc -E  conftest.c
configure:7565: $? = 0
configure:7579: gcc -E  conftest.c
conftest.c:11:28: fatal error: ac_nonexistent.h: No such file or directory
 #include <ac_nonexistent.h>
                            ^
compilation terminated.
configure:7579: $? = 1
configure: failed program was:
| /* confdefs.h */
| #define PACKAGE_NAME "libmicrohttpd"
| #define PACKAGE_TARNAME "libmicrohttpd"
| #define PACKAGE_VERSION "0.9.42"
| #define PACKAGE_STRING "libmicrohttpd 0.9.42"
| #define PACKAGE_BUGREPORT "libmicrohttpd@gnu.org"
| #define PACKAGE_URL ""
| #define PACKAGE "libmicrohttpd"
| #define VERSION "0.9.42"
| /* end confdefs.h.  */
| #include <ac_nonexistent.h>
configure:7604: result: gcc -E
configure:7624: gcc -E  conftest.c
configure:7624: $? = 0
configure:7638: gcc -E  conftest.c
conftest.c:11:28: fatal error: ac_nonexistent.h: No such file or directory
 #include <ac_nonexistent.h>
                            ^
compilation terminated.
configure:7638: $? = 1
configure: failed program was:
| /* confdefs.h */
| #define PACKAGE_NAME "libmicrohttpd"
| #define PACKAGE_TARNAME "libmicrohttpd"
| #define PACKAGE_VERSION "0.9.42"
| #define PACKAGE_STRING "libmicrohttpd 0.9.42"
| #define PACKAGE_BUGREPORT "libmicrohttpd@gnu.org"
| #define PACKAGE_URL ""
| #define PACKAGE "libmicrohttpd"
| #define VERSION "0.9.42"
| /* end confdefs.h.  */
| #include <ac_nonexistent.h>
configure:7667: checking for ANSI C header files
configure:7687: gcc -c -g -O2  conftest.c >&5
configure:7687: $? = 0
configure:7760: gcc -o conftest -g -O2   conftest.c  >&5
configure:7760: $? = 0
configure:7760: ./conftest
configure:7760: $? = 0
configure:7771: result: yes
configure:7784: checking for sys/types.h
configure:7784: gcc -c -g -O2  conftest.c >&5
configure:7784: $? = 0
configure:7784: result: yes
configure:7784: checking for sys/stat.h
configure:7784: gcc -c -g -O2  conftest.c >&5
configure:7784: $? = 0
configure:7784: result: yes
configure:7784: checking for stdlib.h
configure:7784: gcc -c -g -O2  conftest.c >&5
configure:7784: $? = 0
configure:7784: result: yes
configure:7784: checking for string.h
configure:7784: gcc -c -g -O2  conftest.c >&5
configure:7784: $? = 0
configure:7784: result: yes
configure:7784: checking for memory.h
configure:7784: gcc -c -g -O2  conftest.c >&5
configure:7784: $? = 0
configure:7784: result: yes
configure:7784: checking for strings.h
configure:7784: gcc -c -g -O2  conftest.c >&5
configure:7784: $? = 0
configure:7784: result: yes
configure:7784: checking for inttypes.h
configure:7784: gcc -c -g -O2  conftest.c >&5
configure:7784: $? = 0
configure:7784: result: yes
configure:7784: checking for stdint.h
configure:7784: gcc -c -g -O2  conftest.c >&5
configure:7784: $? = 0
configure:7784: result: yes
configure:7784: checking for unistd.h
configure:7784: gcc -c -g -O2  conftest.c >&5
configure:7784: $? = 0
configure:7784: result: yes
configure:7798: checking for dlfcn.h
configure:7798: gcc -c -g -O2  conftest.c >&5
configure:7798: $? = 0
configure:7798: result: yes
configure:8302: checking for objdir
configure:8317: result: .libs
configure:8588: checking if gcc supports -fno-rtti -fno-exceptions
configure:8606: gcc -c -g -O2  -fno-rtti -fno-exceptions conftest.c >&5
cc1: warning: command line option '-fno-rtti' is valid for C++/ObjC++ but not for C [enabled by default]
configure:8610: $? = 0
configure:8623: result: no
configure:8950: checking for gcc option to produce PIC
configure:8957: result: -fPIC -DPIC
configure:8965: checking if gcc PIC flag -fPIC -DPIC works
configure:8983: gcc -c -g -O2  -fPIC -DPIC -DPIC conftest.c >&5
configure:8987: $? = 0
configure:9000: result: yes
configure:9029: checking if gcc static flag -static works
configure:9057: result: yes
configure:9072: checking if gcc supports -c -o file.o
configure:9093: gcc -c -g -O2  -o out/conftest2.o conftest.c >&5
configure:9097: $? = 0
configure:9119: result: yes
configure:9127: checking if gcc supports -c -o file.o
configure:9174: result: yes
configure:9207: checking whether the gcc linker (/usr/bin/ld -m elf_x86_64) supports shared libraries
configure:10364: result: yes
configure:10401: checking whether -lc should be explicitly linked in
configure:10409: gcc -c -g -O2  conftest.c >&5
configure:10412: $? = 0
configure:10427: gcc -shared  -fPIC -DPIC conftest.o  -v -Wl,-soname -Wl,conftest -o conftest 2\>\&1 \| /bin/grep  -lc  \>/dev/null 2\>\&1
configure:10430: $? = 0
configure:10444: result: no
configure:10604: checking dynamic linker characteristics
configure:11104: gcc -o conftest -g -O2   -Wl,-rpath -Wl,/foo conftest.c  >&5
configure:11104: $? = 0
configure:11338: result: GNU/Linux ld.so
configure:11445: checking how to hardcode library paths into programs
configure:11470: result: immediate
configure:12010: checking whether stripping libraries is possible
configure:12015: result: yes
configure:12050: checking if libtool supports shared libraries
configure:12052: result: yes
configure:12055: checking whether to build shared libraries
configure:12076: result: yes
configure:12079: checking whether to build static libraries
configure:12083: result: yes
configure:12163: checking for windres
configure:12193: result: no
configure:12436: checking if compiler needs -Werror to reject unknown flags
configure:12452: gcc -c -g -O2 -Werror -Wunknown-warning-option -Wsizeof-array-argument  conftest.c >&5
gcc: error: unrecognized command line option '-Wunknown-warning-option'
gcc: error: unrecognized command line option '-Wsizeof-array-argument'
configure:12452: $? = 1
configure: failed program was:
| /* confdefs.h */
| #define PACKAGE_NAME "libmicrohttpd"
| #define PACKAGE_TARNAME "libmicrohttpd"
| #define PACKAGE_VERSION "0.9.42"
| #define PACKAGE_STRING "libmicrohttpd 0.9.42"
| #define PACKAGE_BUGREPORT "libmicrohttpd@gnu.org"
| #define PACKAGE_URL ""
| #define PACKAGE "libmicrohttpd"
| #define VERSION "0.9.42"
| #define STDC_HEADERS 1
| #define HAVE_SYS_TYPES_H 1
| #define HAVE_SYS_STAT_H 1
| #define HAVE_STDLIB_H 1
| #define HAVE_STRING_H 1
| #define HAVE_MEMORY_H 1
| #define HAVE_STRINGS_H 1
| #define HAVE_INTTYPES_H 1
| #define HAVE_STDINT_H 1
| #define HAVE_UNISTD_H 1
| #define HAVE_DLFCN_H 1
| #define LT_OBJDIR ".libs/"
| /* end confdefs.h.  */
| int foo(void);
| int
| main ()
| {
| foo()
|   ;
|   return 0;
| }
configure:12457: result: no
configure:12523: checking for the pthreads library -lpthreads
configure:12561: gcc -o conftest -g -O2     conftest.c -lpthreads  >&5
/usr/bin/ld: cannot find -lpthreads
collect2: error: ld returned 1 exit status
configure:12561: $? = 1
configure: failed program was:
| /* confdefs.h */
| #define PACKAGE_NAME "libmicrohttpd"
| #define PACKAGE_TARNAME "libmicrohttpd"
| #define PACKAGE_VERSION "0.9.42"
| #define PACKAGE_STRING "libmicrohttpd 0.9.42"
| #define PACKAGE_BUGREPORT "libmicrohttpd@gnu.org"
| #define PACKAGE_URL ""
| #define PACKAGE "libmicrohttpd"
| #define VERSION "0.9.42"
| #define STDC_HEADERS 1
| #define HAVE_SYS_TYPES_H 1
| #define HAVE_SYS_STAT_H 1
| #define HAVE_STDLIB_H 1
| #define HAVE_STRING_H 1
| #define HAVE_MEMORY_H 1
| #define HAVE_STRINGS_H 1
| #define HAVE_INTTYPES_H 1
| #define HAVE_STDINT_H 1
| #define HAVE_UNISTD_H 1
| #define HAVE_DLFCN_H 1
| #define LT_OBJDIR ".libs/"
| /* end confdefs.h.  */
| #include <pthread.h>
|                         static void routine(void *a) { a = 0; }
|                         static void *start_routine(void *a) { return a; }
| int
| main ()
| {
| pthread_t th; pthread_attr_t attr;
|                         pthread_create(&th, 0, start_routine, 0);
|                         pthread_join(th, 0);
|                         pthread_attr_init(&attr);
|                         pthread_cleanup_push(routine, 0);
|                         pthread_cleanup_pop(0) /* ; */
|   ;
|   return 0;
| }
configure:12570: result: no
configure:12468: checking whether pthreads work without any flags
configure:12561: gcc -o conftest -g -O2     conftest.c   >&5
/tmp/ccH2NuMW.o: In function `main':
/home/johnicholas/web_service/libmicrohttpd-0.9.42/conftest.c:30: undefined reference to `pthread_create'
/home/johnicholas/web_service/libmicrohttpd-0.9.42/conftest.c:31: undefined reference to `pthread_join'
/home/johnicholas/web_service/libmicrohttpd-0.9.42/conftest.c:33: undefined reference to `__pthread_register_cancel'
/home/johnicholas/web_service/libmicrohttpd-0.9.42/conftest.c:34: undefined reference to `__pthread_unregister_cancel'
collect2: error: ld returned 1 exit status
configure:12561: $? = 1
configure: failed program was:
| /* confdefs.h */
| #define PACKAGE_NAME "libmicrohttpd"
| #define PACKAGE_TARNAME "libmicrohttpd"
| #define PACKAGE_VERSION "0.9.42"
| #define PACKAGE_STRING "libmicrohttpd 0.9.42"
| #define PACKAGE_BUGREPORT "libmicrohttpd@gnu.org"
| #define PACKAGE_URL ""
| #define PACKAGE "libmicrohttpd"
| #define VERSION "0.9.42"
| #define STDC_HEADERS 1
| #define HAVE_SYS_TYPES_H 1
| #define HAVE_SYS_STAT_H 1
| #define HAVE_STDLIB_H 1
| #define HAVE_STRING_H 1
| #define HAVE_MEMORY_H 1
| #define HAVE_STRINGS_H 1
| #define HAVE_INTTYPES_H 1
| #define HAVE_STDINT_H 1
| #define HAVE_UNISTD_H 1
| #define HAVE_DLFCN_H 1
| #define LT_OBJDIR ".libs/"
| /* end confdefs.h.  */
| #include <pthread.h>
|                         static void routine(void *a) { a = 0; }
|                         static void *start_routine(void *a) { return a; }
| int
| main ()
| {
| pthread_t th; pthread_attr_t attr;
|                         pthread_create(&th, 0, start_routine, 0);
|                         pthread_join(th, 0);
|                         pthread_attr_init(&attr);
|                         pthread_cleanup_push(routine, 0);
|                         pthread_cleanup_pop(0) /* ; */
|   ;
|   return 0;
| }
configure:12570: result: no
configure:12473: checking whether pthreads work with -Kthread
configure:12561: gcc -o conftest -g -O2 -Kthread    conftest.c   >&5
gcc: error: unrecognized command line option '-Kthread'
configure:12561: $? = 1
configure: failed program was:
| /* confdefs.h */
| #define PACKAGE_NAME "libmicrohttpd"
| #define PACKAGE_TARNAME "libmicrohttpd"
| #define PACKAGE_VERSION "0.9.42"
| #define PACKAGE_STRING "libmicrohttpd 0.9.42"
| #define PACKAGE_BUGREPORT "libmicrohttpd@gnu.org"
| #define PACKAGE_URL ""
| #define PACKAGE "libmicrohttpd"
| #define VERSION "0.9.42"
| #define STDC_HEADERS 1
| #define HAVE_SYS_TYPES_H 1
| #define HAVE_SYS_STAT_H 1
| #define HAVE_STDLIB_H 1
| #define HAVE_STRING_H 1
| #define HAVE_MEMORY_H 1
| #define HAVE_STRINGS_H 1
| #define HAVE_INTTYPES_H 1
| #define HAVE_STDINT_H 1
| #define HAVE_UNISTD_H 1
| #define HAVE_DLFCN_H 1
| #define LT_OBJDIR ".libs/"
| /* end confdefs.h.  */
| #include <pthread.h>
|                         static void routine(void *a) { a = 0; }
|                         static void *start_routine(void *a) { return a; }
| int
| main ()
| {
| pthread_t th; pthread_attr_t attr;
|                         pthread_create(&th, 0, start_routine, 0);
|                         pthread_join(th, 0);
|                         pthread_attr_init(&attr);
|                         pthread_cleanup_push(routine, 0);
|                         pthread_cleanup_pop(0) /* ; */
|   ;
|   return 0;
| }
configure:12570: result: no
configure:12473: checking whether pthreads work with -kthread
configure:12561: gcc -o conftest -g -O2 -kthread    conftest.c   >&5
gcc: error: unrecognized command line option '-kthread'
configure:12561: $? = 1
configure: failed program was:
| /* confdefs.h */
| #define PACKAGE_NAME "libmicrohttpd"
| #define PACKAGE_TARNAME "libmicrohttpd"
| #define PACKAGE_VERSION "0.9.42"
| #define PACKAGE_STRING "libmicrohttpd 0.9.42"
| #define PACKAGE_BUGREPORT "libmicrohttpd@gnu.org"
| #define PACKAGE_URL ""
| #define PACKAGE "libmicrohttpd"
| #define VERSION "0.9.42"
| #define STDC_HEADERS 1
| #define HAVE_SYS_TYPES_H 1
| #define HAVE_SYS_STAT_H 1
| #define HAVE_STDLIB_H 1
| #define HAVE_STRING_H 1
| #define HAVE_MEMORY_H 1
| #define HAVE_STRINGS_H 1
| #define HAVE_INTTYPES_H 1
| #define HAVE_STDINT_H 1
| #define HAVE_UNISTD_H 1
| #define HAVE_DLFCN_H 1
| #define LT_OBJDIR ".libs/"
| /* end confdefs.h.  */
| #include <pthread.h>
|                         static void routine(void *a) { a = 0; }
|                         static void *start_routine(void *a) { return a; }
| int
| main ()
| {
| pthread_t th; pthread_attr_t attr;
|                         pthread_create(&th, 0, start_routine, 0);
|                         pthread_join(th, 0);
|                         pthread_attr_init(&attr);
|                         pthread_cleanup_push(routine, 0);
|                         pthread_cleanup_pop(0) /* ; */
|   ;
|   return 0;
| }
configure:12570: result: no
configure:12523: checking for the pthreads library -llthread
configure:12561: gcc -o conftest -g -O2     conftest.c -llthread  >&5
/usr/bin/ld: cannot find -llthread
collect2: error: ld returned 1 exit status
configure:12561: $? = 1
configure: failed program was:
| /* confdefs.h */
| #define PACKAGE_NAME "libmicrohttpd"
| #define PACKAGE_TARNAME "libmicrohttpd"
| #define PACKAGE_VERSION "0.9.42"
| #define PACKAGE_STRING "libmicrohttpd 0.9.42"
| #define PACKAGE_BUGREPORT "libmicrohttpd@gnu.org"
| #define PACKAGE_URL ""
| #define PACKAGE "libmicrohttpd"
| #define VERSION "0.9.42"
| #define STDC_HEADERS 1
| #define HAVE_SYS_TYPES_H 1
| #define HAVE_SYS_STAT_H 1
| #define HAVE_STDLIB_H 1
| #define HAVE_STRING_H 1
| #define HAVE_MEMORY_H 1
| #define HAVE_STRINGS_H 1
| #define HAVE_INTTYPES_H 1
| #define HAVE_STDINT_H 1
| #define HAVE_UNISTD_H 1
| #define HAVE_DLFCN_H 1
| #define LT_OBJDIR ".libs/"
| /* end confdefs.h.  */
| #include <pthread.h>
|                         static void routine(void *a) { a = 0; }
|                         static void *start_routine(void *a) { return a; }
| int
| main ()
| {
| pthread_t th; pthread_attr_t attr;
|                         pthread_create(&th, 0, start_routine, 0);
|                         pthread_join(th, 0);
|                         pthread_attr_init(&attr);
|                         pthread_cleanup_push(routine, 0);
|                         pthread_cleanup_pop(0) /* ; */
|   ;
|   return 0;
| }
configure:12570: result: no
configure:12473: checking whether pthreads work with -pthread
configure:12561: gcc -o conftest -g -O2 -pthread    conftest.c   >&5
configure:12561: $? = 0
configure:12570: result: yes
configure:12589: checking for joinable pthread attribute
configure:12604: gcc -o conftest -g -O2 -pthread   conftest.c   >&5
configure:12604: $? = 0
configure:12610: result: PTHREAD_CREATE_JOINABLE
configure:12620: checking if more special flags are required for pthreads
configure:12635: result: no
configure:12641: checking for PTHREAD_PRIO_INHERIT
configure:12658: gcc -o conftest -g -O2 -pthread   conftest.c   >&5
configure:12658: $? = 0
configure:12667: result: yes
configure:12773: checking windows.h usability
configure:12773: gcc -c -g -O2  conftest.c >&5
conftest.c:57:21: fatal error: windows.h: No such file or directory
 #include <windows.h>
                     ^
compilation terminated.
configure:12773: $? = 1
configure: failed program was:
| /* confdefs.h */
| #define PACKAGE_NAME "libmicrohttpd"
| #define PACKAGE_TARNAME "libmicrohttpd"
| #define PACKAGE_VERSION "0.9.42"
| #define PACKAGE_STRING "libmicrohttpd 0.9.42"
| #define PACKAGE_BUGREPORT "libmicrohttpd@gnu.org"
| #define PACKAGE_URL ""
| #define PACKAGE "libmicrohttpd"
| #define VERSION "0.9.42"
| #define STDC_HEADERS 1
| #define HAVE_SYS_TYPES_H 1
| #define HAVE_SYS_STAT_H 1
| #define HAVE_STDLIB_H 1
| #define HAVE_STRING_H 1
| #define HAVE_MEMORY_H 1
| #define HAVE_STRINGS_H 1
| #define HAVE_INTTYPES_H 1
| #define HAVE_STDINT_H 1
| #define HAVE_UNISTD_H 1
| #define HAVE_DLFCN_H 1
| #define LT_OBJDIR ".libs/"
| #define HAVE_PTHREAD_PRIO_INHERIT 1
| /* end confdefs.h.  */
| #include <stdio.h>
| #ifdef HAVE_SYS_TYPES_H
| # include <sys/types.h>
| #endif
| #ifdef HAVE_SYS_STAT_H
| # include <sys/stat.h>
| #endif
| #ifdef STDC_HEADERS
| # include <stdlib.h>
| # include <stddef.h>
| #else
| # ifdef HAVE_STDLIB_H
| #  include <stdlib.h>
| # endif
| #endif
| #ifdef HAVE_STRING_H
| # if !defined STDC_HEADERS && defined HAVE_MEMORY_H
| #  include <memory.h>
| # endif
| # include <string.h>
| #endif
| #ifdef HAVE_STRINGS_H
| # include <strings.h>
| #endif
| #ifdef HAVE_INTTYPES_H
| # include <inttypes.h>
| #endif
| #ifdef HAVE_STDINT_H
| # include <stdint.h>
| #endif
| #ifdef HAVE_UNISTD_H
| # include <unistd.h>
| #endif
| #include <windows.h>
configure:12773: result: no
configure:12773: checking windows.h presence
configure:12773: gcc -E  conftest.c
conftest.c:24:21: fatal error: windows.h: No such file or directory
 #include <windows.h>
                     ^
compilation terminated.
configure:12773: $? = 1
configure: failed program was:
| /* confdefs.h */
| #define PACKAGE_NAME "libmicrohttpd"
| #define PACKAGE_TARNAME "libmicrohttpd"
| #define PACKAGE_VERSION "0.9.42"
| #define PACKAGE_STRING "libmicrohttpd 0.9.42"
| #define PACKAGE_BUGREPORT "libmicrohttpd@gnu.org"
| #define PACKAGE_URL ""
| #define PACKAGE "libmicrohttpd"
| #define VERSION "0.9.42"
| #define STDC_HEADERS 1
| #define HAVE_SYS_TYPES_H 1
| #define HAVE_SYS_STAT_H 1
| #define HAVE_STDLIB_H 1
| #define HAVE_STRING_H 1
| #define HAVE_MEMORY_H 1
| #define HAVE_STRINGS_H 1
| #define HAVE_INTTYPES_H 1
| #define HAVE_STDINT_H 1
| #define HAVE_UNISTD_H 1
| #define HAVE_DLFCN_H 1
| #define LT_OBJDIR ".libs/"
| #define HAVE_PTHREAD_PRIO_INHERIT 1
| /* end confdefs.h.  */
| #include <windows.h>
configure:12773: result: no
configure:12773: checking for windows.h
configure:12773: result: no
configure:13197: checking whether the linker accepts -fno-strict-aliasing
configure:13216: gcc -o conftest -g -O2    -fno-strict-aliasing conftest.c  >&5
configure:13216: $? = 0
configure:13225: result: yes
configure:13234: checking whether C compiler accepts -fno-strict-aliasing
configure:13253: gcc -c -g -O2  -fno-strict-aliasing  conftest.c >&5
configure:13253: $? = 0
configure:13262: result: yes
configure:13275: : CFLAGS="$CFLAGS $flag"
configure:13278: $? = 0
configure:13298: checking whether byte ordering is bigendian
configure:13313: gcc -c -g -O2 -fno-strict-aliasing  conftest.c >&5
conftest.c:28:9: error: unknown type name 'not'
         not a universal capable compiler
         ^
conftest.c:28:15: error: expected '=', ',', ';', 'asm' or '__attribute__' before 'universal'
         not a universal capable compiler
               ^
conftest.c:28:15: error: unknown type name 'universal'
configure:13313: $? = 1
configure: failed program was:
| /* confdefs.h */
| #define PACKAGE_NAME "libmicrohttpd"
| #define PACKAGE_TARNAME "libmicrohttpd"
| #define PACKAGE_VERSION "0.9.42"
| #define PACKAGE_STRING "libmicrohttpd 0.9.42"
| #define PACKAGE_BUGREPORT "libmicrohttpd@gnu.org"
| #define PACKAGE_URL ""
| #define PACKAGE "libmicrohttpd"
| #define VERSION "0.9.42"
| #define STDC_HEADERS 1
| #define HAVE_SYS_TYPES_H 1
| #define HAVE_SYS_STAT_H 1
| #define HAVE_STDLIB_H 1
| #define HAVE_STRING_H 1
| #define HAVE_MEMORY_H 1
| #define HAVE_STRINGS_H 1
| #define HAVE_INTTYPES_H 1
| #define HAVE_STDINT_H 1
| #define HAVE_UNISTD_H 1
| #define HAVE_DLFCN_H 1
| #define LT_OBJDIR ".libs/"
| #define HAVE_PTHREAD_PRIO_INHERIT 1
| #define LINUX 1
| #define HAVE_LISTEN_SHUTDOWN 1
| #define MHD_USE_POSIX_THREADS 1
| /* end confdefs.h.  */
| #ifndef __APPLE_CC__
| 	       not a universal capable compiler
| 	     #endif
| 	     typedef int dummy;
| 
configure:13358: gcc -c -g -O2 -fno-strict-aliasing  conftest.c >&5
configure:13358: $? = 0
configure:13376: gcc -c -g -O2 -fno-strict-aliasing  conftest.c >&5
conftest.c: In function 'main':
conftest.c:34:4: error: unknown type name 'not'
    not big endian
    ^
conftest.c:34:12: error: expected '=', ',', ';', 'asm' or '__attribute__' before 'endian'
    not big endian
            ^
configure:13376: $? = 1
configure: failed program was:
| /* confdefs.h */
| #define PACKAGE_NAME "libmicrohttpd"
| #define PACKAGE_TARNAME "libmicrohttpd"
| #define PACKAGE_VERSION "0.9.42"
| #define PACKAGE_STRING "libmicrohttpd 0.9.42"
| #define PACKAGE_BUGREPORT "libmicrohttpd@gnu.org"
| #define PACKAGE_URL ""
| #define PACKAGE "libmicrohttpd"
| #define VERSION "0.9.42"
| #define STDC_HEADERS 1
| #define HAVE_SYS_TYPES_H 1
| #define HAVE_SYS_STAT_H 1
| #define HAVE_STDLIB_H 1
| #define HAVE_STRING_H 1
| #define HAVE_MEMORY_H 1
| #define HAVE_STRINGS_H 1
| #define HAVE_INTTYPES_H 1
| #define HAVE_STDINT_H 1
| #define HAVE_UNISTD_H 1
| #define HAVE_DLFCN_H 1
| #define LT_OBJDIR ".libs/"
| #define HAVE_PTHREAD_PRIO_INHERIT 1
| #define LINUX 1
| #define HAVE_LISTEN_SHUTDOWN 1
| #define MHD_USE_POSIX_THREADS 1
| /* end confdefs.h.  */
| #include <sys/types.h>
| 		#include <sys/param.h>
| 
| int
| main ()
| {
| #if BYTE_ORDER != BIG_ENDIAN
| 		 not big endian
| 		#endif
| 
|   ;
|   return 0;
| }
configure:13504: result: no
configure:13525: checking for curl
configure:13541: found /usr/bin/curl
configure:13553: result: yes
configure:13571: checking for makeinfo
configure:13599: result: no
configure:13672: checking poll.h usability
configure:13672: gcc -c -g -O2 -fno-strict-aliasing  conftest.c >&5
configure:13672: $? = 0
configure:13672: result: yes
configure:13672: checking poll.h presence
configure:13672: gcc -E  conftest.c
configure:13672: $? = 0
configure:13672: result: yes
configure:13672: checking for poll.h
configure:13672: result: yes
configure:13680: checking for poll
configure:13680: gcc -o conftest -g -O2 -fno-strict-aliasing   conftest.c  >&5
configure:13680: $? = 0
configure:13680: result: yes
configure:13744: checking linux/version.h usability
configure:13744: gcc -c -g -O2 -fno-strict-aliasing  conftest.c >&5
configure:13744: $? = 0
configure:13744: result: yes
configure:13744: checking linux/version.h presence
configure:13744: gcc -E  conftest.c
configure:13744: $? = 0
configure:13744: result: yes
configure:13744: checking for linux/version.h
configure:13744: result: yes
configure:13750: checking for Linux epoll(7) interface
configure:13776: gcc -o conftest -g -O2 -fno-strict-aliasing  -DHAVE_LINUX_VERSION_H  conftest.c  >&5
configure:13776: $? = 0
configure:13787: result: yes
configure:13813: checking for epoll_create1()
configure:13833: gcc -o conftest -g -O2 -fno-strict-aliasing   conftest.c  >&5
configure:13833: $? = 0
configure:13841: result: yes
configure:13857: checking for pthread_setname_np
configure:13870: gcc -o conftest -g -O2 -fno-strict-aliasing -pthread   conftest.c   >&5
configure:13870: $? = 0
configure:13874: result: yes
configure:13890: checking fcntl.h usability
configure:13890: gcc -c -g -O2 -fno-strict-aliasing  conftest.c >&5
configure:13890: $? = 0
configure:13890: result: yes
configure:13890: checking fcntl.h presence
configure:13890: gcc -E  conftest.c
configure:13890: $? = 0
configure:13890: result: yes
configure:13890: checking for fcntl.h
configure:13890: result: yes
configure:13890: checking math.h usability
configure:13890: gcc -c -g -O2 -fno-strict-aliasing  conftest.c >&5
configure:13890: $? = 0
configure:13890: result: yes
configure:13890: checking math.h presence
configure:13890: gcc -E  conftest.c
configure:13890: $? = 0
configure:13890: result: yes
configure:13890: checking for math.h
configure:13890: result: yes
configure:13890: checking errno.h usability
configure:13890: gcc -c -g -O2 -fno-strict-aliasing  conftest.c >&5
configure:13890: $? = 0
configure:13890: result: yes
configure:13890: checking errno.h presence
configure:13890: gcc -E  conftest.c
configure:13890: $? = 0
configure:13890: result: yes
configure:13890: checking for errno.h
configure:13890: result: yes
configure:13890: checking limits.h usability
configure:13890: gcc -c -g -O2 -fno-strict-aliasing  conftest.c >&5
configure:13890: $? = 0
configure:13890: result: yes
configure:13890: checking limits.h presence
configure:13890: gcc -E  conftest.c
configure:13890: $? = 0
configure:13890: result: yes
configure:13890: checking for limits.h
configure:13890: result: yes
configure:13890: checking stdio.h usability
configure:13890: gcc -c -g -O2 -fno-strict-aliasing  conftest.c >&5
configure:13890: $? = 0
configure:13890: result: yes
configure:13890: checking stdio.h presence
configure:13890: gcc -E  conftest.c
configure:13890: $? = 0
configure:13890: result: yes
configure:13890: checking for stdio.h
configure:13890: result: yes
configure:13890: checking locale.h usability
configure:13890: gcc -c -g -O2 -fno-strict-aliasing  conftest.c >&5
configure:13890: $? = 0
configure:13890: result: yes
configure:13890: checking locale.h presence
configure:13890: gcc -E  conftest.c
configure:13890: $? = 0
configure:13890: result: yes
configure:13890: checking for locale.h
configure:13890: result: yes
configure:13890: checking for sys/stat.h
configure:13890: result: yes
configure:13890: checking for sys/types.h
configure:13890: result: yes
configure:13890: checking pthread.h usability
configure:13890: gcc -c -g -O2 -fno-strict-aliasing  conftest.c >&5
configure:13890: $? = 0
configure:13890: result: yes
configure:13890: checking pthread.h presence
configure:13890: gcc -E  conftest.c
configure:13890: $? = 0
configure:13890: result: yes
configure:13890: checking for pthread.h
configure:13890: result: yes
configure:13907: checking for sys/types.h
configure:13907: result: yes
configure:13907: checking sys/time.h usability
configure:13907: gcc -c -g -O2 -fno-strict-aliasing  conftest.c >&5
configure:13907: $? = 0
configure:13907: result: yes
configure:13907: checking sys/time.h presence
configure:13907: gcc -E  conftest.c
configure:13907: $? = 0
configure:13907: result: yes
configure:13907: checking for sys/time.h
configure:13907: result: yes
configure:13907: checking sys/msg.h usability
configure:13907: gcc -c -g -O2 -fno-strict-aliasing  conftest.c >&5
configure:13907: $? = 0
configure:13907: result: yes
configure:13907: checking sys/msg.h presence
configure:13907: gcc -E  conftest.c
configure:13907: $? = 0
configure:13907: result: yes
configure:13907: checking for sys/msg.h
configure:13907: result: yes
configure:13907: checking netdb.h usability
configure:13907: gcc -c -g -O2 -fno-strict-aliasing  conftest.c >&5
configure:13907: $? = 0
configure:13907: result: yes
configure:13907: checking netdb.h presence
configure:13907: gcc -E  conftest.c
configure:13907: $? = 0
configure:13907: result: yes
configure:13907: checking for netdb.h
configure:13907: result: yes
configure:13907: checking netinet/in.h usability
configure:13907: gcc -c -g -O2 -fno-strict-aliasing  conftest.c >&5
configure:13907: $? = 0
configure:13907: result: yes
configure:13907: checking netinet/in.h presence
configure:13907: gcc -E  conftest.c
configure:13907: $? = 0
configure:13907: result: yes
configure:13907: checking for netinet/in.h
configure:13907: result: yes
configure:13907: checking netinet/tcp.h usability
configure:13907: gcc -c -g -O2 -fno-strict-aliasing  conftest.c >&5
configure:13907: $? = 0
configure:13907: result: yes
configure:13907: checking netinet/tcp.h presence
configure:13907: gcc -E  conftest.c
configure:13907: $? = 0
configure:13907: result: yes
configure:13907: checking for netinet/tcp.h
configure:13907: result: yes
configure:13907: checking time.h usability
configure:13907: gcc -c -g -O2 -fno-strict-aliasing  conftest.c >&5
configure:13907: $? = 0
configure:13907: result: yes
configure:13907: checking time.h presence
configure:13907: gcc -E  conftest.c
configure:13907: $? = 0
configure:13907: result: yes
configure:13907: checking for time.h
configure:13907: result: yes
configure:13907: checking sys/socket.h usability
configure:13907: gcc -c -g -O2 -fno-strict-aliasing  conftest.c >&5
configure:13907: $? = 0
configure:13907: result: yes
configure:13907: checking sys/socket.h presence
configure:13907: gcc -E  conftest.c
configure:13907: $? = 0
configure:13907: result: yes
configure:13907: checking for sys/socket.h
configure:13907: result: yes
configure:13907: checking sys/mman.h usability
configure:13907: gcc -c -g -O2 -fno-strict-aliasing  conftest.c >&5
configure:13907: $? = 0
configure:13907: result: yes
configure:13907: checking sys/mman.h presence
configure:13907: gcc -E  conftest.c
configure:13907: $? = 0
configure:13907: result: yes
configure:13907: checking for sys/mman.h
configure:13907: result: yes
configure:13907: checking arpa/inet.h usability
configure:13907: gcc -c -g -O2 -fno-strict-aliasing  conftest.c >&5
configure:13907: $? = 0
configure:13907: result: yes
configure:13907: checking arpa/inet.h presence
configure:13907: gcc -E  conftest.c
configure:13907: $? = 0
configure:13907: result: yes
configure:13907: checking for arpa/inet.h
configure:13907: result: yes
configure:13907: checking sys/select.h usability
configure:13907: gcc -c -g -O2 -fno-strict-aliasing  conftest.c >&5
configure:13907: $? = 0
configure:13907: result: yes
configure:13907: checking sys/select.h presence
configure:13907: gcc -E  conftest.c
configure:13907: $? = 0
configure:13907: result: yes
configure:13907: checking for sys/select.h
configure:13907: result: yes
configure:13907: checking search.h usability
configure:13907: gcc -c -g -O2 -fno-strict-aliasing  conftest.c >&5
configure:13907: $? = 0
configure:13907: result: yes
configure:13907: checking search.h presence
configure:13907: gcc -E  conftest.c
configure:13907: $? = 0
configure:13907: result: yes
configure:13907: checking for search.h
configure:13907: result: yes
configure:13926: checking for struct sockaddr_in.sin_len
configure:13926: gcc -c -g -O2 -fno-strict-aliasing  conftest.c >&5
conftest.c: In function 'main':
conftest.c:69:12: error: 'struct sockaddr_in' has no member named 'sin_len'
 if (ac_aggr.sin_len)
            ^
configure:13926: $? = 1
configure: failed program was:
| /* confdefs.h */
| #define PACKAGE_NAME "libmicrohttpd"
| #define PACKAGE_TARNAME "libmicrohttpd"
| #define PACKAGE_VERSION "0.9.42"
| #define PACKAGE_STRING "libmicrohttpd 0.9.42"
| #define PACKAGE_BUGREPORT "libmicrohttpd@gnu.org"
| #define PACKAGE_URL ""
| #define PACKAGE "libmicrohttpd"
| #define VERSION "0.9.42"
| #define STDC_HEADERS 1
| #define HAVE_SYS_TYPES_H 1
| #define HAVE_SYS_STAT_H 1
| #define HAVE_STDLIB_H 1
| #define HAVE_STRING_H 1
| #define HAVE_MEMORY_H 1
| #define HAVE_STRINGS_H 1
| #define HAVE_INTTYPES_H 1
| #define HAVE_STDINT_H 1
| #define HAVE_UNISTD_H 1
| #define HAVE_DLFCN_H 1
| #define LT_OBJDIR ".libs/"
| #define HAVE_PTHREAD_PRIO_INHERIT 1
| #define LINUX 1
| #define HAVE_LISTEN_SHUTDOWN 1
| #define MHD_USE_POSIX_THREADS 1
| #define HAVE_POLL_H 1
| #define HAVE_POLL 1
| #define EPOLL_SUPPORT 1
| #define HAVE_EPOLL_CREATE1 1
| #define HAVE_PTHREAD_SETNAME_NP 1
| #define HAVE_FCNTL_H 1
| #define HAVE_MATH_H 1
| #define HAVE_ERRNO_H 1
| #define HAVE_LIMITS_H 1
| #define HAVE_STDIO_H 1
| #define HAVE_LOCALE_H 1
| #define HAVE_SYS_STAT_H 1
| #define HAVE_SYS_TYPES_H 1
| #define HAVE_PTHREAD_H 1
| #define HAVE_SYS_TYPES_H 1
| #define HAVE_SYS_TIME_H 1
| #define HAVE_SYS_MSG_H 1
| #define HAVE_NETDB_H 1
| #define HAVE_NETINET_IN_H 1
| #define HAVE_NETINET_TCP_H 1
| #define HAVE_TIME_H 1
| #define HAVE_SYS_SOCKET_H 1
| #define HAVE_SYS_MMAN_H 1
| #define HAVE_ARPA_INET_H 1
| #define HAVE_SYS_SELECT_H 1
| #define HAVE_SEARCH_H 1
| /* end confdefs.h.  */
| 
|     #ifdef HAVE_SYS_TYPES_H
|       #include <sys/types.h>
|     #endif
|     #ifdef HAVE_SYS_SOCKET_H
|       #include <sys/socket.h>
|     #endif
|     #ifdef HAVE_NETINET_IN_H
|       #include <netinet/in.h>
|     #endif
| 
| 
| int
| main ()
| {
| static struct sockaddr_in ac_aggr;
| if (ac_aggr.sin_len)
| return 0;
|   ;
|   return 0;
| }
configure:13926: gcc -c -g -O2 -fno-strict-aliasing  conftest.c >&5
conftest.c: In function 'main':
conftest.c:69:19: error: 'struct sockaddr_in' has no member named 'sin_len'
 if (sizeof ac_aggr.sin_len)
                   ^
configure:13926: $? = 1
configure: failed program was:
| /* confdefs.h */
| #define PACKAGE_NAME "libmicrohttpd"
| #define PACKAGE_TARNAME "libmicrohttpd"
| #define PACKAGE_VERSION "0.9.42"
| #define PACKAGE_STRING "libmicrohttpd 0.9.42"
| #define PACKAGE_BUGREPORT "libmicrohttpd@gnu.org"
| #define PACKAGE_URL ""
| #define PACKAGE "libmicrohttpd"
| #define VERSION "0.9.42"
| #define STDC_HEADERS 1
| #define HAVE_SYS_TYPES_H 1
| #define HAVE_SYS_STAT_H 1
| #define HAVE_STDLIB_H 1
| #define HAVE_STRING_H 1
| #define HAVE_MEMORY_H 1
| #define HAVE_STRINGS_H 1
| #define HAVE_INTTYPES_H 1
| #define HAVE_STDINT_H 1
| #define HAVE_UNISTD_H 1
| #define HAVE_DLFCN_H 1
| #define LT_OBJDIR ".libs/"
| #define HAVE_PTHREAD_PRIO_INHERIT 1
| #define LINUX 1
| #define HAVE_LISTEN_SHUTDOWN 1
| #define MHD_USE_POSIX_THREADS 1
| #define HAVE_POLL_H 1
| #define HAVE_POLL 1
| #define EPOLL_SUPPORT 1
| #define HAVE_EPOLL_CREATE1 1
| #define HAVE_PTHREAD_SETNAME_NP 1
| #define HAVE_FCNTL_H 1
| #define HAVE_MATH_H 1
| #define HAVE_ERRNO_H 1
| #define HAVE_LIMITS_H 1
| #define HAVE_STDIO_H 1
| #define HAVE_LOCALE_H 1
| #define HAVE_SYS_STAT_H 1
| #define HAVE_SYS_TYPES_H 1
| #define HAVE_PTHREAD_H 1
| #define HAVE_SYS_TYPES_H 1
| #define HAVE_SYS_TIME_H 1
| #define HAVE_SYS_MSG_H 1
| #define HAVE_NETDB_H 1
| #define HAVE_NETINET_IN_H 1
| #define HAVE_NETINET_TCP_H 1
| #define HAVE_TIME_H 1
| #define HAVE_SYS_SOCKET_H 1
| #define HAVE_SYS_MMAN_H 1
| #define HAVE_ARPA_INET_H 1
| #define HAVE_SYS_SELECT_H 1
| #define HAVE_SEARCH_H 1
| /* end confdefs.h.  */
| 
|     #ifdef HAVE_SYS_TYPES_H
|       #include <sys/types.h>
|     #endif
|     #ifdef HAVE_SYS_SOCKET_H
|       #include <sys/socket.h>
|     #endif
|     #ifdef HAVE_NETINET_IN_H
|       #include <netinet/in.h>
|     #endif
| 
| 
| int
| main ()
| {
| static struct sockaddr_in ac_aggr;
| if (sizeof ac_aggr.sin_len)
| return 0;
|   ;
|   return 0;
| }
configure:13926: result: no
configure:13948: checking whether to enable signaling by socketpair
configure:14011: result: no
configure:14031: checking for memmem
configure:14031: gcc -o conftest -g -O2 -fno-strict-aliasing   conftest.c  >&5
configure:14031: $? = 0
configure:14031: result: yes
configure:14031: checking for accept4
configure:14031: gcc -o conftest -g -O2 -fno-strict-aliasing   conftest.c  >&5
configure:14031: $? = 0
configure:14031: result: yes
configure:14045: checking for gmtime_s
configure:14059: gcc -o conftest -g -O2 -fno-strict-aliasing   conftest.c  >&5
/tmp/ccIiFVHH.o: In function `main':
/home/johnicholas/web_service/libmicrohttpd-0.9.42/conftest.c:59: undefined reference to `gmtime_s'
collect2: error: ld returned 1 exit status
configure:14059: $? = 1
configure: failed program was:
| /* confdefs.h */
| #define PACKAGE_NAME "libmicrohttpd"
| #define PACKAGE_TARNAME "libmicrohttpd"
| #define PACKAGE_VERSION "0.9.42"
| #define PACKAGE_STRING "libmicrohttpd 0.9.42"
| #define PACKAGE_BUGREPORT "libmicrohttpd@gnu.org"
| #define PACKAGE_URL ""
| #define PACKAGE "libmicrohttpd"
| #define VERSION "0.9.42"
| #define STDC_HEADERS 1
| #define HAVE_SYS_TYPES_H 1
| #define HAVE_SYS_STAT_H 1
| #define HAVE_STDLIB_H 1
| #define HAVE_STRING_H 1
| #define HAVE_MEMORY_H 1
| #define HAVE_STRINGS_H 1
| #define HAVE_INTTYPES_H 1
| #define HAVE_STDINT_H 1
| #define HAVE_UNISTD_H 1
| #define HAVE_DLFCN_H 1
| #define LT_OBJDIR ".libs/"
| #define HAVE_PTHREAD_PRIO_INHERIT 1
| #define LINUX 1
| #define HAVE_LISTEN_SHUTDOWN 1
| #define MHD_USE_POSIX_THREADS 1
| #define HAVE_POLL_H 1
| #define HAVE_POLL 1
| #define EPOLL_SUPPORT 1
| #define HAVE_EPOLL_CREATE1 1
| #define HAVE_PTHREAD_SETNAME_NP 1
| #define HAVE_FCNTL_H 1
| #define HAVE_MATH_H 1
| #define HAVE_ERRNO_H 1
| #define HAVE_LIMITS_H 1
| #define HAVE_STDIO_H 1
| #define HAVE_LOCALE_H 1
| #define HAVE_SYS_STAT_H 1
| #define HAVE_SYS_TYPES_H 1
| #define HAVE_PTHREAD_H 1
| #define HAVE_SYS_TYPES_H 1
| #define HAVE_SYS_TIME_H 1
| #define HAVE_SYS_MSG_H 1
| #define HAVE_NETDB_H 1
| #define HAVE_NETINET_IN_H 1
| #define HAVE_NETINET_TCP_H 1
| #define HAVE_TIME_H 1
| #define HAVE_SYS_SOCKET_H 1
| #define HAVE_SYS_MMAN_H 1
| #define HAVE_ARPA_INET_H 1
| #define HAVE_SYS_SELECT_H 1
| #define HAVE_SEARCH_H 1
| #define HAVE_MEMMEM 1
| #define HAVE_ACCEPT4 1
| /* end confdefs.h.  */
|  #include <time.h>
| int
| main ()
| {
| struct tm now; time_t t; time (&t); gmtime_s (&now, &t)
|   ;
|   return 0;
| }
| 
configure:14068: result: no
configure:14076: checking whether SOCK_NONBLOCK is declared
configure:14076: gcc -c -g -O2 -fno-strict-aliasing  conftest.c >&5
configure:14076: $? = 0
configure:14076: result: yes
configure:14104: checking for library containing clock_gettime
configure:14135: gcc -o conftest -g -O2 -fno-strict-aliasing   conftest.c  >&5
configure:14135: $? = 0
configure:14152: result: none required
configure:14166: checking for IPv6
configure:14198: gcc -c -g -O2 -fno-strict-aliasing  conftest.c >&5
configure:14198: $? = 0
configure:14211: result: yes
configure:14215: checking whether TCP_CORK is declared
configure:14215: gcc -c -g -O2 -fno-strict-aliasing  conftest.c >&5
configure:14215: $? = 0
configure:14215: result: yes
configure:14226: checking whether TCP_NOPUSH is declared
configure:14226: gcc -c -g -O2 -fno-strict-aliasing  conftest.c >&5
conftest.c: In function 'main':
conftest.c:69:10: error: 'TCP_NOPUSH' undeclared (first use in this function)
   (void) TCP_NOPUSH;
          ^
conftest.c:69:10: note: each undeclared identifier is reported only once for each function it appears in
configure:14226: $? = 1
configure: failed program was:
| /* confdefs.h */
| #define PACKAGE_NAME "libmicrohttpd"
| #define PACKAGE_TARNAME "libmicrohttpd"
| #define PACKAGE_VERSION "0.9.42"
| #define PACKAGE_STRING "libmicrohttpd 0.9.42"
| #define PACKAGE_BUGREPORT "libmicrohttpd@gnu.org"
| #define PACKAGE_URL ""
| #define PACKAGE "libmicrohttpd"
| #define VERSION "0.9.42"
| #define STDC_HEADERS 1
| #define HAVE_SYS_TYPES_H 1
| #define HAVE_SYS_STAT_H 1
| #define HAVE_STDLIB_H 1
| #define HAVE_STRING_H 1
| #define HAVE_MEMORY_H 1
| #define HAVE_STRINGS_H 1
| #define HAVE_INTTYPES_H 1
| #define HAVE_STDINT_H 1
| #define HAVE_UNISTD_H 1
| #define HAVE_DLFCN_H 1
| #define LT_OBJDIR ".libs/"
| #define HAVE_PTHREAD_PRIO_INHERIT 1
| #define LINUX 1
| #define HAVE_LISTEN_SHUTDOWN 1
| #define MHD_USE_POSIX_THREADS 1
| #define HAVE_POLL_H 1
| #define HAVE_POLL 1
| #define EPOLL_SUPPORT 1
| #define HAVE_EPOLL_CREATE1 1
| #define HAVE_PTHREAD_SETNAME_NP 1
| #define HAVE_FCNTL_H 1
| #define HAVE_MATH_H 1
| #define HAVE_ERRNO_H 1
| #define HAVE_LIMITS_H 1
| #define HAVE_STDIO_H 1
| #define HAVE_LOCALE_H 1
| #define HAVE_SYS_STAT_H 1
| #define HAVE_SYS_TYPES_H 1
| #define HAVE_PTHREAD_H 1
| #define HAVE_SYS_TYPES_H 1
| #define HAVE_SYS_TIME_H 1
| #define HAVE_SYS_MSG_H 1
| #define HAVE_NETDB_H 1
| #define HAVE_NETINET_IN_H 1
| #define HAVE_NETINET_TCP_H 1
| #define HAVE_TIME_H 1
| #define HAVE_SYS_SOCKET_H 1
| #define HAVE_SYS_MMAN_H 1
| #define HAVE_ARPA_INET_H 1
| #define HAVE_SYS_SELECT_H 1
| #define HAVE_SEARCH_H 1
| #define HAVE_MEMMEM 1
| #define HAVE_ACCEPT4 1
| #define HAVE_DECL_SOCK_NONBLOCK 1
| #define HAVE_SOCK_NONBLOCK 1
| #define HAVE_CLOCK_GETTIME 1
| #define HAVE_INET6 1
| #define HAVE_DECL_TCP_CORK 1
| /* end confdefs.h.  */
| #include <netinet/tcp.h>
| 
| int
| main ()
| {
| #ifndef TCP_NOPUSH
| #ifdef __cplusplus
|   (void) TCP_NOPUSH;
| #else
|   (void) TCP_NOPUSH;
| #endif
| #endif
| 
|   ;
|   return 0;
| }
configure:14226: result: no
configure:14248: checking whether the linker accepts -fvisibility=hidden
configure:14267: gcc -o conftest -g -O2 -fno-strict-aliasing    -fvisibility=hidden conftest.c  >&5
configure:14267: $? = 0
configure:14276: result: yes
configure:14279: checking whether C compiler accepts -fvisibility=hidden
configure:14298: gcc -c -g -O2 -fno-strict-aliasing  -fvisibility=hidden  conftest.c >&5
configure:14298: $? = 0
configure:14306: result: yes
configure:14373: checking for gawk
configure:14400: result: mawk
configure:14462: checking for curl-config
configure:14495: result: no
configure:14571: checking whether libcurl is usable
configure:14605: gcc -o conftest -g -O2 -fno-strict-aliasing    conftest.c  -lcurl  >&5
conftest.c:62:23: fatal error: curl/curl.h: No such file or directory
 #include <curl/curl.h>
                       ^
compilation terminated.
configure:14605: $? = 1
configure: failed program was:
| /* confdefs.h */
| #define PACKAGE_NAME "libmicrohttpd"
| #define PACKAGE_TARNAME "libmicrohttpd"
| #define PACKAGE_VERSION "0.9.42"
| #define PACKAGE_STRING "libmicrohttpd 0.9.42"
| #define PACKAGE_BUGREPORT "libmicrohttpd@gnu.org"
| #define PACKAGE_URL ""
| #define PACKAGE "libmicrohttpd"
| #define VERSION "0.9.42"
| #define STDC_HEADERS 1
| #define HAVE_SYS_TYPES_H 1
| #define HAVE_SYS_STAT_H 1
| #define HAVE_STDLIB_H 1
| #define HAVE_STRING_H 1
| #define HAVE_MEMORY_H 1
| #define HAVE_STRINGS_H 1
| #define HAVE_INTTYPES_H 1
| #define HAVE_STDINT_H 1
| #define HAVE_UNISTD_H 1
| #define HAVE_DLFCN_H 1
| #define LT_OBJDIR ".libs/"
| #define HAVE_PTHREAD_PRIO_INHERIT 1
| #define LINUX 1
| #define HAVE_LISTEN_SHUTDOWN 1
| #define MHD_USE_POSIX_THREADS 1
| #define HAVE_POLL_H 1
| #define HAVE_POLL 1
| #define EPOLL_SUPPORT 1
| #define HAVE_EPOLL_CREATE1 1
| #define HAVE_PTHREAD_SETNAME_NP 1
| #define HAVE_FCNTL_H 1
| #define HAVE_MATH_H 1
| #define HAVE_ERRNO_H 1
| #define HAVE_LIMITS_H 1
| #define HAVE_STDIO_H 1
| #define HAVE_LOCALE_H 1
| #define HAVE_SYS_STAT_H 1
| #define HAVE_SYS_TYPES_H 1
| #define HAVE_PTHREAD_H 1
| #define HAVE_SYS_TYPES_H 1
| #define HAVE_SYS_TIME_H 1
| #define HAVE_SYS_MSG_H 1
| #define HAVE_NETDB_H 1
| #define HAVE_NETINET_IN_H 1
| #define HAVE_NETINET_TCP_H 1
| #define HAVE_TIME_H 1
| #define HAVE_SYS_SOCKET_H 1
| #define HAVE_SYS_MMAN_H 1
| #define HAVE_ARPA_INET_H 1
| #define HAVE_SYS_SELECT_H 1
| #define HAVE_SEARCH_H 1
| #define HAVE_MEMMEM 1
| #define HAVE_ACCEPT4 1
| #define HAVE_DECL_SOCK_NONBLOCK 1
| #define HAVE_SOCK_NONBLOCK 1
| #define HAVE_CLOCK_GETTIME 1
| #define HAVE_INET6 1
| #define HAVE_DECL_TCP_CORK 1
| #define HAVE_DECL_TCP_NOPUSH 0
| #define _MHD_EXTERN __attribute__((visibility("default"))) extern
| /* end confdefs.h.  */
| #include <curl/curl.h>
| int
| main ()
| {
| 
| /* Try and use a few common options to force a failure if we are
|    missing symbols or can't link. */
| int x;
| curl_easy_setopt(NULL,CURLOPT_URL,NULL);
| x=CURL_ERROR_SIZE;
| x=CURLOPT_WRITEFUNCTION;
| x=CURLOPT_FILE;
| x=CURLOPT_ERRORBUFFER;
| x=CURLOPT_STDERR;
| x=CURLOPT_VERBOSE;
| if (x) ;
| 
|   ;
|   return 0;
| }
configure:14619: result: no
configure:14752: checking for magic_open in -lmagic
configure:14777: gcc -o conftest -g -O2 -fno-strict-aliasing   conftest.c -lmagic   >&5
/usr/bin/ld: cannot find -lmagic
collect2: error: ld returned 1 exit status
configure:14777: $? = 1
configure: failed program was:
| /* confdefs.h */
| #define PACKAGE_NAME "libmicrohttpd"
| #define PACKAGE_TARNAME "libmicrohttpd"
| #define PACKAGE_VERSION "0.9.42"
| #define PACKAGE_STRING "libmicrohttpd 0.9.42"
| #define PACKAGE_BUGREPORT "libmicrohttpd@gnu.org"
| #define PACKAGE_URL ""
| #define PACKAGE "libmicrohttpd"
| #define VERSION "0.9.42"
| #define STDC_HEADERS 1
| #define HAVE_SYS_TYPES_H 1
| #define HAVE_SYS_STAT_H 1
| #define HAVE_STDLIB_H 1
| #define HAVE_STRING_H 1
| #define HAVE_MEMORY_H 1
| #define HAVE_STRINGS_H 1
| #define HAVE_INTTYPES_H 1
| #define HAVE_STDINT_H 1
| #define HAVE_UNISTD_H 1
| #define HAVE_DLFCN_H 1
| #define LT_OBJDIR ".libs/"
| #define HAVE_PTHREAD_PRIO_INHERIT 1
| #define LINUX 1
| #define HAVE_LISTEN_SHUTDOWN 1
| #define MHD_USE_POSIX_THREADS 1
| #define HAVE_POLL_H 1
| #define HAVE_POLL 1
| #define EPOLL_SUPPORT 1
| #define HAVE_EPOLL_CREATE1 1
| #define HAVE_PTHREAD_SETNAME_NP 1
| #define HAVE_FCNTL_H 1
| #define HAVE_MATH_H 1
| #define HAVE_ERRNO_H 1
| #define HAVE_LIMITS_H 1
| #define HAVE_STDIO_H 1
| #define HAVE_LOCALE_H 1
| #define HAVE_SYS_STAT_H 1
| #define HAVE_SYS_TYPES_H 1
| #define HAVE_PTHREAD_H 1
| #define HAVE_SYS_TYPES_H 1
| #define HAVE_SYS_TIME_H 1
| #define HAVE_SYS_MSG_H 1
| #define HAVE_NETDB_H 1
| #define HAVE_NETINET_IN_H 1
| #define HAVE_NETINET_TCP_H 1
| #define HAVE_TIME_H 1
| #define HAVE_SYS_SOCKET_H 1
| #define HAVE_SYS_MMAN_H 1
| #define HAVE_ARPA_INET_H 1
| #define HAVE_SYS_SELECT_H 1
| #define HAVE_SEARCH_H 1
| #define HAVE_MEMMEM 1
| #define HAVE_ACCEPT4 1
| #define HAVE_DECL_SOCK_NONBLOCK 1
| #define HAVE_SOCK_NONBLOCK 1
| #define HAVE_CLOCK_GETTIME 1
| #define HAVE_INET6 1
| #define HAVE_DECL_TCP_CORK 1
| #define HAVE_DECL_TCP_NOPUSH 0
| #define _MHD_EXTERN __attribute__((visibility("default"))) extern
| /* end confdefs.h.  */
| 
| /* Override any GCC internal prototype to avoid an error.
|    Use char because int might match the return type of a GCC
|    builtin and then its argument prototype would still apply.  */
| #ifdef __cplusplus
| extern "C"
| #endif
| char magic_open ();
| int
| main ()
| {
| return magic_open ();
|   ;
|   return 0;
| }
configure:14786: result: no
configure:14863: checking for pkg-config
configure:14881: found /usr/bin/pkg-config
configure:14893: result: /usr/bin/pkg-config
configure:14949: checking whether compiling and linking against OpenSSL works
Trying link with OPENSSL_LDFLAGS= ; OPENSSL_LIBS=-lssl -lcrypto  ; OPENSSL_INCLUDES= 
configure:14971: gcc -o conftest -g -O2 -fno-strict-aliasing       conftest.c -lssl -lcrypto    >&5
configure:14971: $? = 0
configure:14973: result: yes
configure:15002: checking openssl/evp.h usability
configure:15002: gcc -c -g -O2 -fno-strict-aliasing    conftest.c >&5
configure:15002: $? = 0
configure:15002: result: yes
configure:15002: checking openssl/evp.h presence
configure:15002: gcc -E    conftest.c
configure:15002: $? = 0
configure:15002: result: yes
configure:15002: checking for openssl/evp.h
configure:15002: result: yes
configure:15002: checking openssl/rsa.h usability
configure:15002: gcc -c -g -O2 -fno-strict-aliasing    conftest.c >&5
configure:15002: $? = 0
configure:15002: result: yes
configure:15002: checking openssl/rsa.h presence
configure:15002: gcc -E    conftest.c
configure:15002: $? = 0
configure:15002: result: yes
configure:15002: checking for openssl/rsa.h
configure:15002: result: yes
configure:15002: checking openssl/rand.h usability
configure:15002: gcc -c -g -O2 -fno-strict-aliasing    conftest.c >&5
configure:15002: $? = 0
configure:15002: result: yes
configure:15002: checking openssl/rand.h presence
configure:15002: gcc -E    conftest.c
configure:15002: $? = 0
configure:15002: result: yes
configure:15002: checking for openssl/rand.h
configure:15002: result: yes
configure:15002: checking openssl/err.h usability
configure:15002: gcc -c -g -O2 -fno-strict-aliasing    conftest.c >&5
configure:15002: $? = 0
configure:15002: result: yes
configure:15002: checking openssl/err.h presence
configure:15002: gcc -E    conftest.c
configure:15002: $? = 0
configure:15002: result: yes
configure:15002: checking for openssl/err.h
configure:15002: result: yes
configure:15002: checking openssl/sha.h usability
configure:15002: gcc -c -g -O2 -fno-strict-aliasing    conftest.c >&5
configure:15002: $? = 0
configure:15002: result: yes
configure:15002: checking openssl/sha.h presence
configure:15002: gcc -E    conftest.c
configure:15002: $? = 0
configure:15002: result: yes
configure:15002: checking for openssl/sha.h
configure:15002: result: yes
configure:15002: checking openssl/pem.h usability
configure:15002: gcc -c -g -O2 -fno-strict-aliasing    conftest.c >&5
configure:15002: $? = 0
configure:15002: result: yes
configure:15002: checking openssl/pem.h presence
configure:15002: gcc -E    conftest.c
configure:15002: $? = 0
configure:15002: result: yes
configure:15002: checking for openssl/pem.h
configure:15002: result: yes
configure:15002: checking openssl/engine.h usability
configure:15002: gcc -c -g -O2 -fno-strict-aliasing    conftest.c >&5
configure:15002: $? = 0
configure:15002: result: yes
configure:15002: checking openssl/engine.h presence
configure:15002: gcc -E    conftest.c
configure:15002: $? = 0
configure:15002: result: yes
configure:15002: checking for openssl/engine.h
configure:15002: result: yes
configure:15021: checking for SSL_CTX_set_next_protos_advertised_cb
configure:15021: gcc -o conftest -g -O2 -fno-strict-aliasing       conftest.c -lssl -lcrypto    >&5
configure:15021: $? = 0
configure:15021: result: yes
configure:15024: checking for SSL_library_init
configure:15024: gcc -o conftest -g -O2 -fno-strict-aliasing       conftest.c -lssl -lcrypto    >&5
configure:15024: $? = 0
configure:15024: result: yes
configure:15082: checking whether we have OpenSSL and thus can support libmicrospdy
configure:15084: result: yes
configure:15101: checking spdylay/spdylay.h usability
configure:15101: gcc -c -g -O2 -fno-strict-aliasing  conftest.c >&5
conftest.c:103:29: fatal error: spdylay/spdylay.h: No such file or directory
 #include <spdylay/spdylay.h>
                             ^
compilation terminated.
configure:15101: $? = 1
configure: failed program was:
| /* confdefs.h */
| #define PACKAGE_NAME "libmicrohttpd"
| #define PACKAGE_TARNAME "libmicrohttpd"
| #define PACKAGE_VERSION "0.9.42"
| #define PACKAGE_STRING "libmicrohttpd 0.9.42"
| #define PACKAGE_BUGREPORT "libmicrohttpd@gnu.org"
| #define PACKAGE_URL ""
| #define PACKAGE "libmicrohttpd"
| #define VERSION "0.9.42"
| #define STDC_HEADERS 1
| #define HAVE_SYS_TYPES_H 1
| #define HAVE_SYS_STAT_H 1
| #define HAVE_STDLIB_H 1
| #define HAVE_STRING_H 1
| #define HAVE_MEMORY_H 1
| #define HAVE_STRINGS_H 1
| #define HAVE_INTTYPES_H 1
| #define HAVE_STDINT_H 1
| #define HAVE_UNISTD_H 1
| #define HAVE_DLFCN_H 1
| #define LT_OBJDIR ".libs/"
| #define HAVE_PTHREAD_PRIO_INHERIT 1
| #define LINUX 1
| #define HAVE_LISTEN_SHUTDOWN 1
| #define MHD_USE_POSIX_THREADS 1
| #define HAVE_POLL_H 1
| #define HAVE_POLL 1
| #define EPOLL_SUPPORT 1
| #define HAVE_EPOLL_CREATE1 1
| #define HAVE_PTHREAD_SETNAME_NP 1
| #define HAVE_FCNTL_H 1
| #define HAVE_MATH_H 1
| #define HAVE_ERRNO_H 1
| #define HAVE_LIMITS_H 1
| #define HAVE_STDIO_H 1
| #define HAVE_LOCALE_H 1
| #define HAVE_SYS_STAT_H 1
| #define HAVE_SYS_TYPES_H 1
| #define HAVE_PTHREAD_H 1
| #define HAVE_SYS_TYPES_H 1
| #define HAVE_SYS_TIME_H 1
| #define HAVE_SYS_MSG_H 1
| #define HAVE_NETDB_H 1
| #define HAVE_NETINET_IN_H 1
| #define HAVE_NETINET_TCP_H 1
| #define HAVE_TIME_H 1
| #define HAVE_SYS_SOCKET_H 1
| #define HAVE_SYS_MMAN_H 1
| #define HAVE_ARPA_INET_H 1
| #define HAVE_SYS_SELECT_H 1
| #define HAVE_SEARCH_H 1
| #define HAVE_MEMMEM 1
| #define HAVE_ACCEPT4 1
| #define HAVE_DECL_SOCK_NONBLOCK 1
| #define HAVE_SOCK_NONBLOCK 1
| #define HAVE_CLOCK_GETTIME 1
| #define HAVE_INET6 1
| #define HAVE_DECL_TCP_CORK 1
| #define HAVE_DECL_TCP_NOPUSH 0
| #define _MHD_EXTERN __attribute__((visibility("default"))) extern
| #define HAVE_OPENSSL_EVP_H 1
| #define HAVE_OPENSSL_RSA_H 1
| #define HAVE_OPENSSL_RAND_H 1
| #define HAVE_OPENSSL_ERR_H 1
| #define HAVE_OPENSSL_SHA_H 1
| #define HAVE_OPENSSL_PEM_H 1
| #define HAVE_OPENSSL_ENGINE_H 1
| #define SPDY_SUPPORT 1
| /* end confdefs.h.  */
| #include <stdio.h>
| #ifdef HAVE_SYS_TYPES_H
| # include <sys/types.h>
| #endif
| #ifdef HAVE_SYS_STAT_H
| # include <sys/stat.h>
| #endif
| #ifdef STDC_HEADERS
| # include <stdlib.h>
| # include <stddef.h>
| #else
| # ifdef HAVE_STDLIB_H
| #  include <stdlib.h>
| # endif
| #endif
| #ifdef HAVE_STRING_H
| # if !defined STDC_HEADERS && defined HAVE_MEMORY_H
| #  include <memory.h>
| # endif
| # include <string.h>
| #endif
| #ifdef HAVE_STRINGS_H
| # include <strings.h>
| #endif
| #ifdef HAVE_INTTYPES_H
| # include <inttypes.h>
| #endif
| #ifdef HAVE_STDINT_H
| # include <stdint.h>
| #endif
| #ifdef HAVE_UNISTD_H
| # include <unistd.h>
| #endif
| #include <spdylay/spdylay.h>
configure:15101: result: no
configure:15101: checking spdylay/spdylay.h presence
configure:15101: gcc -E  conftest.c
conftest.c:70:29: fatal error: spdylay/spdylay.h: No such file or directory
 #include <spdylay/spdylay.h>
                             ^
compilation terminated.
configure:15101: $? = 1
configure: failed program was:
| /* confdefs.h */
| #define PACKAGE_NAME "libmicrohttpd"
| #define PACKAGE_TARNAME "libmicrohttpd"
| #define PACKAGE_VERSION "0.9.42"
| #define PACKAGE_STRING "libmicrohttpd 0.9.42"
| #define PACKAGE_BUGREPORT "libmicrohttpd@gnu.org"
| #define PACKAGE_URL ""
| #define PACKAGE "libmicrohttpd"
| #define VERSION "0.9.42"
| #define STDC_HEADERS 1
| #define HAVE_SYS_TYPES_H 1
| #define HAVE_SYS_STAT_H 1
| #define HAVE_STDLIB_H 1
| #define HAVE_STRING_H 1
| #define HAVE_MEMORY_H 1
| #define HAVE_STRINGS_H 1
| #define HAVE_INTTYPES_H 1
| #define HAVE_STDINT_H 1
| #define HAVE_UNISTD_H 1
| #define HAVE_DLFCN_H 1
| #define LT_OBJDIR ".libs/"
| #define HAVE_PTHREAD_PRIO_INHERIT 1
| #define LINUX 1
| #define HAVE_LISTEN_SHUTDOWN 1
| #define MHD_USE_POSIX_THREADS 1
| #define HAVE_POLL_H 1
| #define HAVE_POLL 1
| #define EPOLL_SUPPORT 1
| #define HAVE_EPOLL_CREATE1 1
| #define HAVE_PTHREAD_SETNAME_NP 1
| #define HAVE_FCNTL_H 1
| #define HAVE_MATH_H 1
| #define HAVE_ERRNO_H 1
| #define HAVE_LIMITS_H 1
| #define HAVE_STDIO_H 1
| #define HAVE_LOCALE_H 1
| #define HAVE_SYS_STAT_H 1
| #define HAVE_SYS_TYPES_H 1
| #define HAVE_PTHREAD_H 1
| #define HAVE_SYS_TYPES_H 1
| #define HAVE_SYS_TIME_H 1
| #define HAVE_SYS_MSG_H 1
| #define HAVE_NETDB_H 1
| #define HAVE_NETINET_IN_H 1
| #define HAVE_NETINET_TCP_H 1
| #define HAVE_TIME_H 1
| #define HAVE_SYS_SOCKET_H 1
| #define HAVE_SYS_MMAN_H 1
| #define HAVE_ARPA_INET_H 1
| #define HAVE_SYS_SELECT_H 1
| #define HAVE_SEARCH_H 1
| #define HAVE_MEMMEM 1
| #define HAVE_ACCEPT4 1
| #define HAVE_DECL_SOCK_NONBLOCK 1
| #define HAVE_SOCK_NONBLOCK 1
| #define HAVE_CLOCK_GETTIME 1
| #define HAVE_INET6 1
| #define HAVE_DECL_TCP_CORK 1
| #define HAVE_DECL_TCP_NOPUSH 0
| #define _MHD_EXTERN __attribute__((visibility("default"))) extern
| #define HAVE_OPENSSL_EVP_H 1
| #define HAVE_OPENSSL_RSA_H 1
| #define HAVE_OPENSSL_RAND_H 1
| #define HAVE_OPENSSL_ERR_H 1
| #define HAVE_OPENSSL_SHA_H 1
| #define HAVE_OPENSSL_PEM_H 1
| #define HAVE_OPENSSL_ENGINE_H 1
| #define SPDY_SUPPORT 1
| /* end confdefs.h.  */
| #include <spdylay/spdylay.h>
configure:15101: result: no
configure:15101: checking for spdylay/spdylay.h
configure:15101: result: no
configure:15130: checking for special C compiler options needed for large files
configure:15175: result: no
configure:15181: checking for _FILE_OFFSET_BITS value needed for large files
configure:15206: gcc -c -g -O2 -fno-strict-aliasing  conftest.c >&5
configure:15206: $? = 0
configure:15238: result: no
configure:15323: checking for _LARGEFILE_SOURCE value needed for large files
configure:15342: gcc -o conftest -g -O2 -fno-strict-aliasing   conftest.c  >&5
configure:15342: $? = 0
configure:15370: result: no
configure:15393: checking whether to generate error messages
configure:15402: result: yes
configure:15417: checking whether to enable postprocessor
configure:15427: result: yes
configure:15448: checking for zzuf
configure:15476: result: no
configure:15486: checking for socat
configure:15514: result: no
configure:15604: checking for libgcrypt-config
configure:15637: result: no
configure:15665: checking for LIBGCRYPT - version >= 1.2.2
configure:15702: result: no
configure:15788: checking how to find GnuTLS library
configure:15955: result: automatically
configure:16070: checking pkg-config is at least version 0.9.0
configure:16073: result: yes
configure:16085: checking for GNUTLS
configure:16092: $PKG_CONFIG --exists --print-errors "gnutls"
Package gnutls was not found in the pkg-config search path.
Perhaps you should add the directory containing `gnutls.pc'
to the PKG_CONFIG_PATH environment variable
No package 'gnutls' found
configure:16095: $? = 1
configure:16109: $PKG_CONFIG --exists --print-errors "gnutls"
Package gnutls was not found in the pkg-config search path.
Perhaps you should add the directory containing `gnutls.pc'
to the PKG_CONFIG_PATH environment variable
No package 'gnutls' found
configure:16112: $? = 1
configure:16126: result: no
No package 'gnutls' found
configure:16146: checking gnutls/gnutls.h usability
configure:16146: gcc -c -g -O2 -fno-strict-aliasing  conftest.c >&5
conftest.c:106:27: fatal error: gnutls/gnutls.h: No such file or directory
 #include <gnutls/gnutls.h>
                           ^
compilation terminated.
configure:16146: $? = 1
configure: failed program was:
| /* confdefs.h */
| #define PACKAGE_NAME "libmicrohttpd"
| #define PACKAGE_TARNAME "libmicrohttpd"
| #define PACKAGE_VERSION "0.9.42"
| #define PACKAGE_STRING "libmicrohttpd 0.9.42"
| #define PACKAGE_BUGREPORT "libmicrohttpd@gnu.org"
| #define PACKAGE_URL ""
| #define PACKAGE "libmicrohttpd"
| #define VERSION "0.9.42"
| #define STDC_HEADERS 1
| #define HAVE_SYS_TYPES_H 1
| #define HAVE_SYS_STAT_H 1
| #define HAVE_STDLIB_H 1
| #define HAVE_STRING_H 1
| #define HAVE_MEMORY_H 1
| #define HAVE_STRINGS_H 1
| #define HAVE_INTTYPES_H 1
| #define HAVE_STDINT_H 1
| #define HAVE_UNISTD_H 1
| #define HAVE_DLFCN_H 1
| #define LT_OBJDIR ".libs/"
| #define HAVE_PTHREAD_PRIO_INHERIT 1
| #define LINUX 1
| #define HAVE_LISTEN_SHUTDOWN 1
| #define MHD_USE_POSIX_THREADS 1
| #define HAVE_POLL_H 1
| #define HAVE_POLL 1
| #define EPOLL_SUPPORT 1
| #define HAVE_EPOLL_CREATE1 1
| #define HAVE_PTHREAD_SETNAME_NP 1
| #define HAVE_FCNTL_H 1
| #define HAVE_MATH_H 1
| #define HAVE_ERRNO_H 1
| #define HAVE_LIMITS_H 1
| #define HAVE_STDIO_H 1
| #define HAVE_LOCALE_H 1
| #define HAVE_SYS_STAT_H 1
| #define HAVE_SYS_TYPES_H 1
| #define HAVE_PTHREAD_H 1
| #define HAVE_SYS_TYPES_H 1
| #define HAVE_SYS_TIME_H 1
| #define HAVE_SYS_MSG_H 1
| #define HAVE_NETDB_H 1
| #define HAVE_NETINET_IN_H 1
| #define HAVE_NETINET_TCP_H 1
| #define HAVE_TIME_H 1
| #define HAVE_SYS_SOCKET_H 1
| #define HAVE_SYS_MMAN_H 1
| #define HAVE_ARPA_INET_H 1
| #define HAVE_SYS_SELECT_H 1
| #define HAVE_SEARCH_H 1
| #define HAVE_MEMMEM 1
| #define HAVE_ACCEPT4 1
| #define HAVE_DECL_SOCK_NONBLOCK 1
| #define HAVE_SOCK_NONBLOCK 1
| #define HAVE_CLOCK_GETTIME 1
| #define HAVE_INET6 1
| #define HAVE_DECL_TCP_CORK 1
| #define HAVE_DECL_TCP_NOPUSH 0
| #define _MHD_EXTERN __attribute__((visibility("default"))) extern
| #define HAVE_OPENSSL_EVP_H 1
| #define HAVE_OPENSSL_RSA_H 1
| #define HAVE_OPENSSL_RAND_H 1
| #define HAVE_OPENSSL_ERR_H 1
| #define HAVE_OPENSSL_SHA_H 1
| #define HAVE_OPENSSL_PEM_H 1
| #define HAVE_OPENSSL_ENGINE_H 1
| #define SPDY_SUPPORT 1
| #define HAVE_FSEEKO 1
| #define HAVE_MESSAGES 1
| #define HAVE_POSTPROCESSOR 1
| /* end confdefs.h.  */
| #include <stdio.h>
| #ifdef HAVE_SYS_TYPES_H
| # include <sys/types.h>
| #endif
| #ifdef HAVE_SYS_STAT_H
| # include <sys/stat.h>
| #endif
| #ifdef STDC_HEADERS
| # include <stdlib.h>
| # include <stddef.h>
| #else
| # ifdef HAVE_STDLIB_H
| #  include <stdlib.h>
| # endif
| #endif
| #ifdef HAVE_STRING_H
| # if !defined STDC_HEADERS && defined HAVE_MEMORY_H
| #  include <memory.h>
| # endif
| # include <string.h>
| #endif
| #ifdef HAVE_STRINGS_H
| # include <strings.h>
| #endif
| #ifdef HAVE_INTTYPES_H
| # include <inttypes.h>
| #endif
| #ifdef HAVE_STDINT_H
| # include <stdint.h>
| #endif
| #ifdef HAVE_UNISTD_H
| # include <unistd.h>
| #endif
| #include <gnutls/gnutls.h>
configure:16146: result: no
configure:16146: checking gnutls/gnutls.h presence
configure:16146: gcc -E  conftest.c
conftest.c:73:27: fatal error: gnutls/gnutls.h: No such file or directory
 #include <gnutls/gnutls.h>
                           ^
compilation terminated.
configure:16146: $? = 1
configure: failed program was:
| /* confdefs.h */
| #define PACKAGE_NAME "libmicrohttpd"
| #define PACKAGE_TARNAME "libmicrohttpd"
| #define PACKAGE_VERSION "0.9.42"
| #define PACKAGE_STRING "libmicrohttpd 0.9.42"
| #define PACKAGE_BUGREPORT "libmicrohttpd@gnu.org"
| #define PACKAGE_URL ""
| #define PACKAGE "libmicrohttpd"
| #define VERSION "0.9.42"
| #define STDC_HEADERS 1
| #define HAVE_SYS_TYPES_H 1
| #define HAVE_SYS_STAT_H 1
| #define HAVE_STDLIB_H 1
| #define HAVE_STRING_H 1
| #define HAVE_MEMORY_H 1
| #define HAVE_STRINGS_H 1
| #define HAVE_INTTYPES_H 1
| #define HAVE_STDINT_H 1
| #define HAVE_UNISTD_H 1
| #define HAVE_DLFCN_H 1
| #define LT_OBJDIR ".libs/"
| #define HAVE_PTHREAD_PRIO_INHERIT 1
| #define LINUX 1
| #define HAVE_LISTEN_SHUTDOWN 1
| #define MHD_USE_POSIX_THREADS 1
| #define HAVE_POLL_H 1
| #define HAVE_POLL 1
| #define EPOLL_SUPPORT 1
| #define HAVE_EPOLL_CREATE1 1
| #define HAVE_PTHREAD_SETNAME_NP 1
| #define HAVE_FCNTL_H 1
| #define HAVE_MATH_H 1
| #define HAVE_ERRNO_H 1
| #define HAVE_LIMITS_H 1
| #define HAVE_STDIO_H 1
| #define HAVE_LOCALE_H 1
| #define HAVE_SYS_STAT_H 1
| #define HAVE_SYS_TYPES_H 1
| #define HAVE_PTHREAD_H 1
| #define HAVE_SYS_TYPES_H 1
| #define HAVE_SYS_TIME_H 1
| #define HAVE_SYS_MSG_H 1
| #define HAVE_NETDB_H 1
| #define HAVE_NETINET_IN_H 1
| #define HAVE_NETINET_TCP_H 1
| #define HAVE_TIME_H 1
| #define HAVE_SYS_SOCKET_H 1
| #define HAVE_SYS_MMAN_H 1
| #define HAVE_ARPA_INET_H 1
| #define HAVE_SYS_SELECT_H 1
| #define HAVE_SEARCH_H 1
| #define HAVE_MEMMEM 1
| #define HAVE_ACCEPT4 1
| #define HAVE_DECL_SOCK_NONBLOCK 1
| #define HAVE_SOCK_NONBLOCK 1
| #define HAVE_CLOCK_GETTIME 1
| #define HAVE_INET6 1
| #define HAVE_DECL_TCP_CORK 1
| #define HAVE_DECL_TCP_NOPUSH 0
| #define _MHD_EXTERN __attribute__((visibility("default"))) extern
| #define HAVE_OPENSSL_EVP_H 1
| #define HAVE_OPENSSL_RSA_H 1
| #define HAVE_OPENSSL_RAND_H 1
| #define HAVE_OPENSSL_ERR_H 1
| #define HAVE_OPENSSL_SHA_H 1
| #define HAVE_OPENSSL_PEM_H 1
| #define HAVE_OPENSSL_ENGINE_H 1
| #define SPDY_SUPPORT 1
| #define HAVE_FSEEKO 1
| #define HAVE_MESSAGES 1
| #define HAVE_POSTPROCESSOR 1
| /* end confdefs.h.  */
| #include <gnutls/gnutls.h>
configure:16146: result: no
configure:16146: checking for gnutls/gnutls.h
configure:16146: result: no
configure:16540: checking whether to support HTTPS
configure:16586: result: no (lacking libgrypt and libgnutls)
configure:16599: checking whether to support HTTP basic authentication
configure:16619: result: yes
configure:16631: checking whether to support HTTP digest authentication
configure:16651: result: yes
configure:16667: checking whether to compile with support for code coverage analysis
configure:16676: result: no
configure:16690: checking the number of available CPUs
configure:16749: result: 8 
configure:16891: checking that generated files are newer than configure
configure:16897: result: done
configure:17033: creating ./config.status

## ---------------------- ##
## Running config.status. ##
## ---------------------- ##

This file was extended by libmicrohttpd config.status 0.9.42, which was
generated by GNU Autoconf 2.69.  Invocation command line was

  CONFIG_FILES    = 
  CONFIG_HEADERS  = 
  CONFIG_LINKS    = 
  CONFIG_COMMANDS = 
  $ ./config.status 

on johnicholas-laptop

config.status:1299: creating src/microhttpd/microhttpd_dll_res.rc
config.status:1299: creating libmicrohttpd.pc
config.status:1299: creating libmicrospdy.pc
config.status:1299: creating w32/VS2013/microhttpd_dll_res_vc.rc
config.status:1299: creating Makefile
config.status:1299: creating contrib/Makefile
config.status:1299: creating doc/Makefile
config.status:1299: creating doc/doxygen/Makefile
config.status:1299: creating doc/examples/Makefile
config.status:1299: creating m4/Makefile
config.status:1299: creating src/Makefile
config.status:1299: creating src/include/Makefile
config.status:1299: creating src/platform/Makefile
config.status:1299: creating src/microhttpd/Makefile
config.status:1299: creating src/microspdy/Makefile
config.status:1299: creating src/spdy2http/Makefile
config.status:1299: creating src/examples/Makefile
config.status:1299: creating src/testcurl/Makefile
config.status:1299: creating src/testcurl/https/Makefile
config.status:1299: creating src/testspdy/Makefile
config.status:1299: creating src/testzzuf/Makefile
config.status:1299: creating MHD_config.h
config.status:1528: executing depfiles commands
config.status:1528: executing libtool commands
configure:19519: Configuration Summary:
  Operating System:  linux-gnu
  Threading lib:     posix
  libcurl (testing): no, many unit tests will not run
  Target directory:  /usr/local
  Messages:          yes
  Basic auth.:       yes
  Digest auth.:      yes
  Postproc:          yes
  HTTPS support:     no (lacking libgrypt and libgnutls)
  poll support:      yes
  epoll support:     yes
  build docs:        yes
  build examples:    yes
  libmicrospdy:      yes
  spdylay (testing): no

configure:19549:
  License         :  LGPL or eCos


## ---------------- ##
## Cache variables. ##
## ---------------- ##

ac_cv_build=x86_64-unknown-linux-gnu
ac_cv_c_bigendian=no
ac_cv_c_compiler_gnu=yes
ac_cv_env_CC_set=
ac_cv_env_CC_value=
ac_cv_env_CFLAGS_set=
ac_cv_env_CFLAGS_value=
ac_cv_env_CPPFLAGS_set=
ac_cv_env_CPPFLAGS_value=
ac_cv_env_CPP_set=
ac_cv_env_CPP_value=
ac_cv_env_GNUTLS_CFLAGS_set=
ac_cv_env_GNUTLS_CFLAGS_value=
ac_cv_env_GNUTLS_LIBS_set=
ac_cv_env_GNUTLS_LIBS_value=
ac_cv_env_LDFLAGS_set=
ac_cv_env_LDFLAGS_value=
ac_cv_env_LIBS_set=
ac_cv_env_LIBS_value=
ac_cv_env_PKG_CONFIG_LIBDIR_set=
ac_cv_env_PKG_CONFIG_LIBDIR_value=
ac_cv_env_PKG_CONFIG_PATH_set=
ac_cv_env_PKG_CONFIG_PATH_value=
ac_cv_env_PKG_CONFIG_set=
ac_cv_env_PKG_CONFIG_value=
ac_cv_env_build_alias_set=
ac_cv_env_build_alias_value=
ac_cv_env_host_alias_set=
ac_cv_env_host_alias_value=
ac_cv_env_target_alias_set=
ac_cv_env_target_alias_value=
ac_cv_func_SSL_CTX_set_next_protos_advertised_cb=yes
ac_cv_func_SSL_library_init=yes
ac_cv_func_accept4=yes
ac_cv_func_memmem=yes
ac_cv_func_poll=yes
ac_cv_have_decl_SOCK_NONBLOCK=yes
ac_cv_have_decl_TCP_CORK=yes
ac_cv_have_decl_TCP_NOPUSH=no
ac_cv_header_arpa_inet_h=yes
ac_cv_header_dlfcn_h=yes
ac_cv_header_errno_h=yes
ac_cv_header_fcntl_h=yes
ac_cv_header_gnutls_gnutls_h=no
ac_cv_header_inttypes_h=yes
ac_cv_header_limits_h=yes
ac_cv_header_linux_version_h=yes
ac_cv_header_locale_h=yes
ac_cv_header_math_h=yes
ac_cv_header_memory_h=yes
ac_cv_header_netdb_h=yes
ac_cv_header_netinet_in_h=yes
ac_cv_header_netinet_tcp_h=yes
ac_cv_header_openssl_engine_h=yes
ac_cv_header_openssl_err_h=yes
ac_cv_header_openssl_evp_h=yes
ac_cv_header_openssl_pem_h=yes
ac_cv_header_openssl_rand_h=yes
ac_cv_header_openssl_rsa_h=yes
ac_cv_header_openssl_sha_h=yes
ac_cv_header_poll_h=yes
ac_cv_header_pthread_h=yes
ac_cv_header_search_h=yes
ac_cv_header_spdylay_spdylay_h=no
ac_cv_header_stdc=yes
ac_cv_header_stdint_h=yes
ac_cv_header_stdio_h=yes
ac_cv_header_stdlib_h=yes
ac_cv_header_string_h=yes
ac_cv_header_strings_h=yes
ac_cv_header_sys_mman_h=yes
ac_cv_header_sys_msg_h=yes
ac_cv_header_sys_select_h=yes
ac_cv_header_sys_socket_h=yes
ac_cv_header_sys_stat_h=yes
ac_cv_header_sys_time_h=yes
ac_cv_header_sys_types_h=yes
ac_cv_header_time_h=yes
ac_cv_header_unistd_h=yes
ac_cv_header_windows_h=no
ac_cv_host=x86_64-unknown-linux-gnu
ac_cv_lib_magic_magic_open=no
ac_cv_member_struct_sockaddr_in_sin_len=no
ac_cv_objext=o
ac_cv_path_EGREP='/bin/grep -E'
ac_cv_path_FGREP='/bin/grep -F'
ac_cv_path_GREP=/bin/grep
ac_cv_path_PKG_CONFIG=/usr/bin/pkg-config
ac_cv_path_SED=/bin/sed
ac_cv_path_install='/usr/bin/install -c'
ac_cv_path_mkdir=/bin/mkdir
ac_cv_prog_AWK=mawk
ac_cv_prog_CPP='gcc -E'
ac_cv_prog_HAVE_CURL_BINARY=yes
ac_cv_prog_HAVE_MAKEINFO_BINARY=no
ac_cv_prog_ac_ct_AR=ar
ac_cv_prog_ac_ct_CC=gcc
ac_cv_prog_ac_ct_MANIFEST_TOOL=mt
ac_cv_prog_ac_ct_OBJDUMP=objdump
ac_cv_prog_ac_ct_RANLIB=ranlib
ac_cv_prog_ac_ct_STRIP=strip
ac_cv_prog_cc_c89=
ac_cv_prog_cc_g=yes
ac_cv_prog_have_socat=no
ac_cv_prog_have_zzuf=no
ac_cv_prog_make_make_set=yes
ac_cv_search_clock_gettime='none required'
ac_cv_sys_file_offset_bits=no
ac_cv_sys_largefile_CC=no
ac_cv_sys_largefile_source=no
am_cv_CC_dependencies_compiler_type=gcc3
am_cv_make_support_nested_variables=yes
am_cv_prog_cc_c_o=yes
ax_cv_PTHREAD_PRIO_INHERIT=yes
ax_cv_check_cflags___fno_strict_aliasing=yes
ax_cv_check_cflags___fvisibility_hidden=yes
ax_cv_check_ldflags___fno_strict_aliasing=yes
ax_cv_check_ldflags___fvisibility_hidden=yes
ax_cv_have_epoll=yes
libcurl_cv_lib_curl_usable=no
lt_cv_ar_at_file=@
lt_cv_archive_cmds_need_lc=no
lt_cv_deplibs_check_method=pass_all
lt_cv_file_magic_cmd='$MAGIC_CMD'
lt_cv_file_magic_test_file=
lt_cv_ld_reload_flag=-r
lt_cv_nm_interface='BSD nm'
lt_cv_objdir=.libs
lt_cv_path_LD=/usr/bin/ld
lt_cv_path_NM='/usr/bin/nm -B'
lt_cv_path_mainfest_tool=no
lt_cv_prog_compiler_c_o=yes
lt_cv_prog_compiler_c_o_RC=yes
lt_cv_prog_compiler_pic='-fPIC -DPIC'
lt_cv_prog_compiler_pic_works=yes
lt_cv_prog_compiler_rtti_exceptions=no
lt_cv_prog_compiler_static_works=yes
lt_cv_prog_gnu_ld=yes
lt_cv_sharedlib_from_linklib_cmd='printf %s\n'
lt_cv_shlibpath_overrides_runpath=no
lt_cv_sys_global_symbol_pipe='sed -n -e '\''s/^.*[	 ]\([ABCDGIRSTW][ABCDGIRSTW]*\)[	 ][	 ]*\([_A-Za-z][_A-Za-z0-9]*\)$/\1 \2 \2/p'\'' | sed '\''/ __gnu_lto/d'\'''
lt_cv_sys_global_symbol_to_c_name_address='sed -n -e '\''s/^: \([^ ]*\)[ ]*$/  {\"\1\", (void *) 0},/p'\'' -e '\''s/^[ABCDGIRSTW]* \([^ ]*\) \([^ ]*\)$/  {"\2", (void *) \&\2},/p'\'''
lt_cv_sys_global_symbol_to_c_name_address_lib_prefix='sed -n -e '\''s/^: \([^ ]*\)[ ]*$/  {\"\1\", (void *) 0},/p'\'' -e '\''s/^[ABCDGIRSTW]* \([^ ]*\) \(lib[^ ]*\)$/  {"\2", (void *) \&\2},/p'\'' -e '\''s/^[ABCDGIRSTW]* \([^ ]*\) \([^ ]*\)$/  {"lib\2", (void *) \&\2},/p'\'''
lt_cv_sys_global_symbol_to_cdecl='sed -n -e '\''s/^T .* \(.*\)$/extern int \1();/p'\'' -e '\''s/^[ABCDGIRSTW]* .* \(.*\)$/extern char \1;/p'\'''
lt_cv_sys_max_cmd_len=1572864
lt_cv_to_host_file_cmd=func_convert_file_noop
lt_cv_to_tool_file_cmd=func_convert_file_noop
mhd_cv_have_epoll_create1=yes

## ----------------- ##
## Output variables. ##
## ----------------- ##

ACLOCAL='${SHELL} /home/johnicholas/web_service/libmicrohttpd-0.9.42/missing aclocal-1.14'
AMDEPBACKSLASH='\'
AMDEP_FALSE='#'
AMDEP_TRUE=''
AMTAR='$${TAR-tar}'
AM_BACKSLASH='\'
AM_DEFAULT_V='$(AM_DEFAULT_VERBOSITY)'
AM_DEFAULT_VERBOSITY='1'
AM_V='$(V)'
AR='ar'
AS='as'
AUTOCONF='${SHELL} /home/johnicholas/web_service/libmicrohttpd-0.9.42/missing autoconf'
AUTOHEADER='${SHELL} /home/johnicholas/web_service/libmicrohttpd-0.9.42/missing autoheader'
AUTOMAKE='${SHELL} /home/johnicholas/web_service/libmicrohttpd-0.9.42/missing automake-1.14'
AWK='mawk'
BUILD_DOC_FALSE='#'
BUILD_DOC_TRUE=''
BUILD_EXAMPLES_FALSE='#'
BUILD_EXAMPLES_TRUE=''
CC='gcc'
CCDEPMODE='depmode=gcc3'
CFLAGS='-g -O2 -fno-strict-aliasing'
CPP='gcc -E'
CPPFLAGS=''
CPU_COUNT='8'
CYGPATH_W='echo'
DEFS='-DHAVE_CONFIG_H'
DEPDIR='.deps'
DLLTOOL='false'
DSYMUTIL=''
DUMPBIN=''
ECHO_C=''
ECHO_N='-n'
ECHO_T=''
EGREP='/bin/grep -E'
ENABLE_BAUTH_FALSE='#'
ENABLE_BAUTH_TRUE=''
ENABLE_DAUTH_FALSE='#'
ENABLE_DAUTH_TRUE=''
ENABLE_HTTPS_FALSE=''
ENABLE_HTTPS_TRUE='#'
ENABLE_SPDY_FALSE='#'
ENABLE_SPDY_TRUE=''
EXEEXT=''
FGREP='/bin/grep -F'
GNUTLS_CFLAGS=''
GNUTLS_CPPFLAGS=''
GNUTLS_LDFLAGS=''
GNUTLS_LIBS=''
GREP='/bin/grep'
HAVE_CURL_BINARY='yes'
HAVE_CURL_BINARY_FALSE='#'
HAVE_CURL_BINARY_TRUE=''
HAVE_CURL_FALSE=''
HAVE_CURL_TRUE='#'
HAVE_GNUTLS_FALSE=''
HAVE_GNUTLS_SNI_FALSE=''
HAVE_GNUTLS_SNI_TRUE='#'
HAVE_GNUTLS_TRUE='#'
HAVE_MAGIC_FALSE=''
HAVE_MAGIC_TRUE='#'
HAVE_MAKEINFO_BINARY='no'
HAVE_MAKEINFO_BINARY_FALSE=''
HAVE_MAKEINFO_BINARY_TRUE='#'
HAVE_OPENSSL_FALSE='#'
HAVE_OPENSSL_TRUE=''
HAVE_POSIX_THREADS_FALSE='#'
HAVE_POSIX_THREADS_TRUE=''
HAVE_POSTPROCESSOR_FALSE='#'
HAVE_POSTPROCESSOR_TRUE=''
HAVE_SOCAT_FALSE=''
HAVE_SOCAT_TRUE='#'
HAVE_SPDYLAY_FALSE=''
HAVE_SPDYLAY_TRUE='#'
HAVE_TSEARCH_FALSE='#'
HAVE_TSEARCH_TRUE=''
HAVE_W32_FALSE=''
HAVE_W32_TRUE='#'
HAVE_ZZUF_FALSE=''
HAVE_ZZUF_TRUE='#'
HIDDEN_VISIBILITY_CFLAGS='-fvisibility=hidden'
INSTALL_DATA='${INSTALL} -m 644'
INSTALL_PROGRAM='${INSTALL}'
INSTALL_SCRIPT='${INSTALL}'
INSTALL_STRIP_PROGRAM='$(install_sh) -c -s'
LD='/usr/bin/ld -m elf_x86_64'
LDFLAGS=''
LIBCURL=''
LIBCURL_CPPFLAGS=''
LIBGCRYPT_CFLAGS=''
LIBGCRYPT_CONFIG='no'
LIBGCRYPT_LIBS=''
LIBOBJS=''
LIBS=''
LIBSPDY_VERSION_AGE='0'
LIBSPDY_VERSION_CURRENT='0'
LIBSPDY_VERSION_REVISION='0'
LIBTOOL='$(SHELL) $(top_builddir)/libtool'
LIB_VERSION_AGE='32'
LIB_VERSION_CURRENT='42'
LIB_VERSION_REVISION='0'
LIPO=''
LN_S='ln -s'
LTLIBOBJS=''
MAKEINFO='${SHELL} /home/johnicholas/web_service/libmicrohttpd-0.9.42/missing makeinfo'
MANIFEST_TOOL=':'
MHD_LIBDEPS=' '
MHD_LIBDEPS_PKGCFG=' '
MHD_LIB_CFLAGS=' -pthread'
MHD_LIB_CPPFLAGS=''
MHD_LIB_LDFLAGS=' -export-dynamic -no-undefined'
MHD_REQ_PRIVATE=''
MKDIR_P='/bin/mkdir -p'
MS_LIB_TOOL=''
NM='/usr/bin/nm -B'
NMEDIT=''
OBJDUMP='objdump'
OBJEXT='o'
OPENSSL_INCLUDES=' '
OPENSSL_LDFLAGS=' '
OPENSSL_LIBS='-lssl -lcrypto  '
OTOOL64=''
OTOOL=''
PACKAGE='libmicrohttpd'
PACKAGE_BUGREPORT='libmicrohttpd@gnu.org'
PACKAGE_NAME='libmicrohttpd'
PACKAGE_STRING='libmicrohttpd 0.9.42'
PACKAGE_TARNAME='libmicrohttpd'
PACKAGE_URL=''
PACKAGE_VERSION='0.9.42'
PACKAGE_VERSION_MAJOR='0'
PACKAGE_VERSION_MINOR='9'
PACKAGE_VERSION_SUBMINOR='42'
PATH_SEPARATOR=':'
PKG_CONFIG='/usr/bin/pkg-config'
PKG_CONFIG_LIBDIR=''
PKG_CONFIG_PATH=''
PTHREAD_CC='gcc'
PTHREAD_CFLAGS='-pthread'
PTHREAD_LIBS=''
RANLIB='ranlib'
RC=''
SED='/bin/sed'
SET_MAKE=''
SHELL='/bin/bash'
SPDY_LIBDEPS='-lssl -lcrypto  '
SPDY_LIB_CFLAGS='-g -O2 -fno-strict-aliasing'
SPDY_LIB_CPPFLAGS='  '
SPDY_LIB_LDFLAGS='  '
STRIP='strip'
USE_COVERAGE_FALSE=''
USE_COVERAGE_TRUE='#'
USE_MS_LIB_TOOL_FALSE=''
USE_MS_LIB_TOOL_TRUE='#'
USE_POSIX_THREADS_FALSE='#'
USE_POSIX_THREADS_TRUE=''
USE_W32_THREADS_FALSE=''
USE_W32_THREADS_TRUE='#'
VERSION='0.9.42'
W32_SHARED_LIB_EXP_FALSE=''
W32_SHARED_LIB_EXP_TRUE='#'
W32_STATIC_LIB_FALSE=''
W32_STATIC_LIB_TRUE='#'
_libcurl_config=''
ac_ct_AR='ar'
ac_ct_CC='gcc'
ac_ct_DUMPBIN=''
am__EXEEXT_FALSE=''
am__EXEEXT_TRUE='#'
am__fastdepCC_FALSE='#'
am__fastdepCC_TRUE=''
am__include='include'
am__isrc=''
am__leading_dot='.'
am__nodep='_no'
am__quote=''
am__tar='$${TAR-tar} chof - "$$tardir"'
am__untar='$${TAR-tar} xf -'
ax_pthread_config=''
bindir='${exec_prefix}/bin'
build='x86_64-unknown-linux-gnu'
build_alias=''
build_cpu='x86_64'
build_os='linux-gnu'
build_vendor='unknown'
datadir='${datarootdir}'
datarootdir='${prefix}/share'
docdir='${datarootdir}/doc/${PACKAGE_TARNAME}'
dvidir='${docdir}'
exec_prefix='${prefix}'
have_socat='no'
have_zzuf='no'
host='x86_64-unknown-linux-gnu'
host_alias=''
host_cpu='x86_64'
host_os='linux-gnu'
host_vendor='unknown'
htmldir='${docdir}'
includedir='${prefix}/include'
infodir='${datarootdir}/info'
install_sh='${SHELL} /home/johnicholas/web_service/libmicrohttpd-0.9.42/install-sh'
libdir='${exec_prefix}/lib'
libexecdir='${exec_prefix}/libexec'
localedir='${datarootdir}/locale'
localstatedir='${prefix}/var'
lt_cv_objdir='.libs'
mandir='${datarootdir}/man'
mkdir_p='$(MKDIR_P)'
oldincludedir='/usr/include'
pdfdir='${docdir}'
prefix='/usr/local'
program_transform_name='s,x,x,'
psdir='${docdir}'
sbindir='${exec_prefix}/sbin'
sharedstatedir='${prefix}/com'
sysconfdir='${prefix}/etc'
target_alias=''

## ----------- ##
## confdefs.h. ##
## ----------- ##

/* confdefs.h */
#define PACKAGE_NAME "libmicrohttpd"
#define PACKAGE_TARNAME "libmicrohttpd"
#define PACKAGE_VERSION "0.9.42"
#define PACKAGE_STRING "libmicrohttpd 0.9.42"
#define PACKAGE_BUGREPORT "libmicrohttpd@gnu.org"
#define PACKAGE_URL ""
#define PACKAGE "libmicrohttpd"
#define VERSION "0.9.42"
#define STDC_HEADERS 1
#define HAVE_SYS_TYPES_H 1
#define HAVE_SYS_STAT_H 1
#define HAVE_STDLIB_H 1
#define HAVE_STRING_H 1
#define HAVE_MEMORY_H 1
#define HAVE_STRINGS_H 1
#define HAVE_INTTYPES_H 1
#define HAVE_STDINT_H 1
#define HAVE_UNISTD_H 1
#define HAVE_DLFCN_H 1
#define LT_OBJDIR ".libs/"
#define HAVE_PTHREAD_PRIO_INHERIT 1
#define LINUX 1
#define HAVE_LISTEN_SHUTDOWN 1
#define MHD_USE_POSIX_THREADS 1
#define HAVE_POLL_H 1
#define HAVE_POLL 1
#define EPOLL_SUPPORT 1
#define HAVE_EPOLL_CREATE1 1
#define HAVE_PTHREAD_SETNAME_NP 1
#define HAVE_FCNTL_H 1
#define HAVE_MATH_H 1
#define HAVE_ERRNO_H 1
#define HAVE_LIMITS_H 1
#define HAVE_STDIO_H 1
#define HAVE_LOCALE_H 1
#define HAVE_SYS_STAT_H 1
#define HAVE_SYS_TYPES_H 1
#define HAVE_PTHREAD_H 1
#define HAVE_SYS_TYPES_H 1
#define HAVE_SYS_TIME_H 1
#define HAVE_SYS_MSG_H 1
#define HAVE_NETDB_H 1
#define HAVE_NETINET_IN_H 1
#define HAVE_NETINET_TCP_H 1
#define HAVE_TIME_H 1
#define HAVE_SYS_SOCKET_H 1
#define HAVE_SYS_MMAN_H 1
#define HAVE_ARPA_INET_H 1
#define HAVE_SYS_SELECT_H 1
#define HAVE_SEARCH_H 1
#define HAVE_MEMMEM 1
#define HAVE_ACCEPT4 1
#define HAVE_DECL_SOCK_NONBLOCK 1
#define HAVE_SOCK_NONBLOCK 1
#define HAVE_CLOCK_GETTIME 1
#define HAVE_INET6 1
#define HAVE_DECL_TCP_CORK 1
#define HAVE_DECL_TCP_NOPUSH 0
#define _MHD_EXTERN __attribute__((visibility("default"))) extern
#define HAVE_OPENSSL_EVP_H 1
#define HAVE_OPENSSL_RSA_H 1
#define HAVE_OPENSSL_RAND_H 1
#define HAVE_OPENSSL_ERR_H 1
#define HAVE_OPENSSL_SHA_H 1
#define HAVE_OPENSSL_PEM_H 1
#define HAVE_OPENSSL_ENGINE_H 1
#define SPDY_SUPPORT 1
#define HAVE_FSEEKO 1
#define HAVE_MESSAGES 1
#define HAVE_POSTPROCESSOR 1
#define HTTPS_SUPPORT 0
#define BAUTH_SUPPORT 1
#define DAUTH_SUPPORT 1

configure: exit 0
